[0.010s] Invoking command in '/home/eungang/ros2_ws/build/cpp_pubsub': CMAKE_PREFIX_PATH=/opt/ros/humble /usr/bin/cmake --build /home/eungang/ros2_ws/build/cpp_pubsub -- -j16 -l16
[0.033s] -- Found ament_cmake: 1.3.10 (/opt/ros/humble/share/ament_cmake/cmake)
[0.137s] -- Found rclcpp: 16.0.10 (/opt/ros/humble/share/rclcpp/cmake)
[0.161s] -- Found rosidl_generator_c: 3.1.5 (/opt/ros/humble/share/rosidl_generator_c/cmake)
[0.163s] -- Found rosidl_adapter: 3.1.5 (/opt/ros/humble/share/rosidl_adapter/cmake)
[0.168s] -- Found rosidl_generator_cpp: 3.1.5 (/opt/ros/humble/share/rosidl_generator_cpp/cmake)
[0.176s] -- Using all available rosidl_typesupport_c: rosidl_typesupport_fastrtps_c;rosidl_typesupport_introspection_c
[0.185s] -- Using all available rosidl_typesupport_cpp: rosidl_typesupport_fastrtps_cpp;rosidl_typesupport_introspection_cpp
[0.211s] -- Found rmw_implementation_cmake: 6.1.2 (/opt/ros/humble/share/rmw_implementation_cmake/cmake)
[0.212s] -- Found rmw_fastrtps_cpp: 6.2.7 (/opt/ros/humble/share/rmw_fastrtps_cpp/cmake)
[0.308s] -- Using RMW implementation 'rmw_fastrtps_cpp' as default
[0.339s] -- Found geometry_msgs: 4.2.4 (/opt/ros/humble/share/geometry_msgs/cmake)
[0.345s] -- Found turtlesim: 1.4.2 (/opt/ros/humble/share/turtlesim/cmake)
[0.369s] [31mCMake Error at CMakeLists.txt:18 (find_package):
[0.370s]   By not providing "Findncurses.cmake" in CMAKE_MODULE_PATH this project has
[0.370s]   asked CMake to find a package configuration file provided by "ncurses", but
[0.370s]   CMake did not find one.
[0.370s] 
[0.370s]   Could not find a package configuration file provided by "ncurses" with any
[0.370s]   of the following names:
[0.370s] 
[0.370s]     ncursesConfig.cmake
[0.370s]     ncurses-config.cmake
[0.370s] 
[0.370s]   Add the installation prefix of "ncurses" to CMAKE_PREFIX_PATH or set
[0.370s]   "ncurses_DIR" to a directory containing one of the above files.  If
[0.370s]   "ncurses" provides a separate development package or SDK, be sure it has
[0.370s]   been installed.
[0.370s] 
[0.370s] [0m
[0.370s] -- Configuring incomplete, errors occurred!
[0.370s] See also "/home/eungang/ros2_ws/build/cpp_pubsub/CMakeFiles/CMakeOutput.log".
[0.374s] gmake: *** [Makefile:308: cmake_check_build_system] 오류 1
[0.377s] Invoked command in '/home/eungang/ros2_ws/build/cpp_pubsub' returned '2': CMAKE_PREFIX_PATH=/opt/ros/humble /usr/bin/cmake --build /home/eungang/ros2_ws/build/cpp_pubsub -- -j16 -l16
