[0.089s] DEBUG:colcon:Command line arguments: ['/usr/bin/colcon', 'build', '--packages-select', 'cpp_pubsub']
[0.090s] DEBUG:colcon:Parsed command line arguments: Namespace(log_base=None, log_level=None, verb_name='build', build_base='build', install_base='install', merge_install=False, symlink_install=False, test_result_base=None, continue_on_error=False, executor='parallel', parallel_workers=16, event_handlers=None, ignore_user_meta=False, metas=['./colcon.meta'], base_paths=['.'], packages_ignore=None, packages_ignore_regex=None, paths=None, packages_up_to=None, packages_up_to_regex=None, packages_above=None, packages_above_and_dependencies=None, packages_above_depth=None, packages_select_by_dep=None, packages_skip_by_dep=None, packages_skip_up_to=None, packages_select_build_failed=False, packages_skip_build_finished=False, packages_select_test_failures=False, packages_skip_test_passed=False, packages_select=['cpp_pubsub'], packages_skip=None, packages_select_regex=None, packages_skip_regex=None, packages_start=None, packages_end=None, allow_overriding=[], cmake_args=None, cmake_target=None, cmake_target_skip_unavailable=False, cmake_clean_cache=False, cmake_clean_first=False, cmake_force_configure=False, ament_cmake_args=None, catkin_cmake_args=None, catkin_skip_building_tests=False, mixin_files=None, mixin=None, verb_parser=<colcon_mixin.mixin.mixin_argument.MixinArgumentDecorator object at 0x732dc8632740>, verb_extension=<colcon_core.verb.build.BuildVerb object at 0x732dc87b7eb0>, main=<bound method BuildVerb.main of <colcon_core.verb.build.BuildVerb object at 0x732dc87b7eb0>>, mixin_verb=('build',))
[0.203s] Level 1:colcon.colcon_core.package_discovery:discover_packages(colcon_meta) check parameters
[0.204s] Level 1:colcon.colcon_core.package_discovery:discover_packages(recursive) check parameters
[0.204s] Level 1:colcon.colcon_core.package_discovery:discover_packages(ignore) check parameters
[0.204s] Level 1:colcon.colcon_core.package_discovery:discover_packages(path) check parameters
[0.204s] Level 1:colcon.colcon_core.package_discovery:discover_packages(colcon_meta) discover
[0.204s] Level 1:colcon.colcon_core.package_discovery:discover_packages(recursive) discover
[0.204s] INFO:colcon.colcon_core.package_discovery:Crawling recursively for packages in '/home/eungang/ros2_ws'
[0.204s] Level 1:colcon.colcon_core.package_identification:_identify(.) by extensions ['ignore', 'ignore_ament_install']
[0.204s] Level 1:colcon.colcon_core.package_identification:_identify(.) by extension 'ignore'
[0.204s] Level 1:colcon.colcon_core.package_identification:_identify(.) by extension 'ignore_ament_install'
[0.204s] Level 1:colcon.colcon_core.package_identification:_identify(.) by extensions ['colcon_pkg']
[0.204s] Level 1:colcon.colcon_core.package_identification:_identify(.) by extension 'colcon_pkg'
[0.204s] Level 1:colcon.colcon_core.package_identification:_identify(.) by extensions ['colcon_meta']
[0.204s] Level 1:colcon.colcon_core.package_identification:_identify(.) by extension 'colcon_meta'
[0.204s] Level 1:colcon.colcon_core.package_identification:_identify(.) by extensions ['ros']
[0.204s] Level 1:colcon.colcon_core.package_identification:_identify(.) by extension 'ros'
[0.213s] Level 1:colcon.colcon_core.package_identification:_identify(.) by extensions ['cmake', 'python']
[0.213s] Level 1:colcon.colcon_core.package_identification:_identify(.) by extension 'cmake'
[0.213s] Level 1:colcon.colcon_core.package_identification:_identify(.) by extension 'python'
[0.213s] Level 1:colcon.colcon_core.package_identification:_identify(.) by extensions ['python_setup_py']
[0.213s] Level 1:colcon.colcon_core.package_identification:_identify(.) by extension 'python_setup_py'
[0.213s] Level 1:colcon.colcon_core.package_identification:_identify(build) by extensions ['ignore', 'ignore_ament_install']
[0.213s] Level 1:colcon.colcon_core.package_identification:_identify(build) by extension 'ignore'
[0.213s] Level 1:colcon.colcon_core.package_identification:_identify(build) ignored
[0.213s] Level 1:colcon.colcon_core.package_identification:_identify(install) by extensions ['ignore', 'ignore_ament_install']
[0.213s] Level 1:colcon.colcon_core.package_identification:_identify(install) by extension 'ignore'
[0.213s] Level 1:colcon.colcon_core.package_identification:_identify(install) ignored
[0.213s] Level 1:colcon.colcon_core.package_identification:_identify(log) by extensions ['ignore', 'ignore_ament_install']
[0.213s] Level 1:colcon.colcon_core.package_identification:_identify(log) by extension 'ignore'
[0.213s] Level 1:colcon.colcon_core.package_identification:_identify(log) ignored
[0.213s] Level 1:colcon.colcon_core.package_identification:_identify(src) by extensions ['ignore', 'ignore_ament_install']
[0.213s] Level 1:colcon.colcon_core.package_identification:_identify(src) by extension 'ignore'
[0.213s] Level 1:colcon.colcon_core.package_identification:_identify(src) by extension 'ignore_ament_install'
[0.213s] Level 1:colcon.colcon_core.package_identification:_identify(src) by extensions ['colcon_pkg']
[0.213s] Level 1:colcon.colcon_core.package_identification:_identify(src) by extension 'colcon_pkg'
[0.214s] Level 1:colcon.colcon_core.package_identification:_identify(src) by extensions ['colcon_meta']
[0.214s] Level 1:colcon.colcon_core.package_identification:_identify(src) by extension 'colcon_meta'
[0.214s] Level 1:colcon.colcon_core.package_identification:_identify(src) by extensions ['ros']
[0.214s] Level 1:colcon.colcon_core.package_identification:_identify(src) by extension 'ros'
[0.214s] Level 1:colcon.colcon_core.package_identification:_identify(src) by extensions ['cmake', 'python']
[0.214s] Level 1:colcon.colcon_core.package_identification:_identify(src) by extension 'cmake'
[0.214s] Level 1:colcon.colcon_core.package_identification:_identify(src) by extension 'python'
[0.214s] Level 1:colcon.colcon_core.package_identification:_identify(src) by extensions ['python_setup_py']
[0.214s] Level 1:colcon.colcon_core.package_identification:_identify(src) by extension 'python_setup_py'
[0.214s] Level 1:colcon.colcon_core.package_identification:_identify(src/cpp_pubsub) by extensions ['ignore', 'ignore_ament_install']
[0.214s] Level 1:colcon.colcon_core.package_identification:_identify(src/cpp_pubsub) by extension 'ignore'
[0.214s] Level 1:colcon.colcon_core.package_identification:_identify(src/cpp_pubsub) by extension 'ignore_ament_install'
[0.214s] Level 1:colcon.colcon_core.package_identification:_identify(src/cpp_pubsub) by extensions ['colcon_pkg']
[0.214s] Level 1:colcon.colcon_core.package_identification:_identify(src/cpp_pubsub) by extension 'colcon_pkg'
[0.214s] Level 1:colcon.colcon_core.package_identification:_identify(src/cpp_pubsub) by extensions ['colcon_meta']
[0.214s] Level 1:colcon.colcon_core.package_identification:_identify(src/cpp_pubsub) by extension 'colcon_meta'
[0.214s] Level 1:colcon.colcon_core.package_identification:_identify(src/cpp_pubsub) by extensions ['ros']
[0.214s] Level 1:colcon.colcon_core.package_identification:_identify(src/cpp_pubsub) by extension 'ros'
[0.216s] DEBUG:colcon.colcon_core.package_identification:Package 'src/cpp_pubsub' with type 'ros.ament_cmake' and name 'cpp_pubsub'
[0.216s] Level 1:colcon.colcon_core.package_discovery:discover_packages(recursive) using defaults
[0.216s] Level 1:colcon.colcon_core.package_discovery:discover_packages(ignore) discover
[0.216s] Level 1:colcon.colcon_core.package_discovery:discover_packages(ignore) using defaults
[0.216s] Level 1:colcon.colcon_core.package_discovery:discover_packages(path) discover
[0.216s] Level 1:colcon.colcon_core.package_discovery:discover_packages(path) using defaults
[0.230s] Level 1:colcon.colcon_core.package_discovery:discover_packages(prefix_path) check parameters
[0.230s] Level 1:colcon.colcon_core.package_discovery:discover_packages(prefix_path) discover
[0.231s] DEBUG:colcon.colcon_installed_package_information.package_discovery:Found 0 installed packages in /home/eungang/robot_ws/install
[0.232s] DEBUG:colcon.colcon_installed_package_information.package_discovery:Found 270 installed packages in /opt/ros/humble
[0.241s] Level 1:colcon.colcon_core.package_discovery:discover_packages(prefix_path) using defaults
[0.269s] Level 5:colcon.colcon_core.verb:set package 'cpp_pubsub' build argument 'cmake_args' from command line to 'None'
[0.269s] Level 5:colcon.colcon_core.verb:set package 'cpp_pubsub' build argument 'cmake_target' from command line to 'None'
[0.269s] Level 5:colcon.colcon_core.verb:set package 'cpp_pubsub' build argument 'cmake_target_skip_unavailable' from command line to 'False'
[0.269s] Level 5:colcon.colcon_core.verb:set package 'cpp_pubsub' build argument 'cmake_clean_cache' from command line to 'False'
[0.269s] Level 5:colcon.colcon_core.verb:set package 'cpp_pubsub' build argument 'cmake_clean_first' from command line to 'False'
[0.269s] Level 5:colcon.colcon_core.verb:set package 'cpp_pubsub' build argument 'cmake_force_configure' from command line to 'False'
[0.269s] Level 5:colcon.colcon_core.verb:set package 'cpp_pubsub' build argument 'ament_cmake_args' from command line to 'None'
[0.269s] Level 5:colcon.colcon_core.verb:set package 'cpp_pubsub' build argument 'catkin_cmake_args' from command line to 'None'
[0.269s] Level 5:colcon.colcon_core.verb:set package 'cpp_pubsub' build argument 'catkin_skip_building_tests' from command line to 'False'
[0.269s] DEBUG:colcon.colcon_core.verb:Building package 'cpp_pubsub' with the following arguments: {'ament_cmake_args': None, 'build_base': '/home/eungang/ros2_ws/build/cpp_pubsub', 'catkin_cmake_args': None, 'catkin_skip_building_tests': False, 'cmake_args': None, 'cmake_clean_cache': False, 'cmake_clean_first': False, 'cmake_force_configure': False, 'cmake_target': None, 'cmake_target_skip_unavailable': False, 'install_base': '/home/eungang/ros2_ws/install/cpp_pubsub', 'merge_install': False, 'path': '/home/eungang/ros2_ws/src/cpp_pubsub', 'symlink_install': False, 'test_result_base': None}
[0.269s] INFO:colcon.colcon_core.executor:Executing jobs using 'parallel' executor
[0.270s] DEBUG:colcon.colcon_parallel_executor.executor.parallel:run_until_complete
[0.271s] INFO:colcon.colcon_ros.task.ament_cmake.build:Building ROS package in '/home/eungang/ros2_ws/src/cpp_pubsub' with build type 'ament_cmake'
[0.271s] INFO:colcon.colcon_cmake.task.cmake.build:Building CMake package in '/home/eungang/ros2_ws/src/cpp_pubsub'
[0.272s] INFO:colcon.colcon_core.plugin_system:Skipping extension 'colcon_core.shell.bat': Not used on non-Windows systems
[0.272s] INFO:colcon.colcon_core.shell:Skip shell extension 'powershell' for command environment: Not usable outside of PowerShell
[0.272s] DEBUG:colcon.colcon_core.shell:Skip shell extension 'dsv' for command environment
[0.281s] DEBUG:colcon.colcon_core.event_handler.log_command:Invoking command in '/home/eungang/ros2_ws/build/cpp_pubsub': CMAKE_PREFIX_PATH=/opt/ros/humble /usr/bin/cmake --build /home/eungang/ros2_ws/build/cpp_pubsub -- -j16 -l16
[3.447s] DEBUG:colcon.colcon_core.event_handler.log_command:Invoked command in '/home/eungang/ros2_ws/build/cpp_pubsub' returned '0': CMAKE_PREFIX_PATH=/opt/ros/humble /usr/bin/cmake --build /home/eungang/ros2_ws/build/cpp_pubsub -- -j16 -l16
[3.481s] DEBUG:colcon.colcon_core.event_handler.log_command:Invoking command in '/home/eungang/ros2_ws/build/cpp_pubsub': CMAKE_PREFIX_PATH=/opt/ros/humble /usr/bin/cmake --install /home/eungang/ros2_ws/build/cpp_pubsub
[3.489s] Level 1:colcon.colcon_core.environment:create_environment_scripts_only(cpp_pubsub)
[3.489s] DEBUG:colcon.colcon_core.event_handler.log_command:Invoked command in '/home/eungang/ros2_ws/build/cpp_pubsub' returned '0': CMAKE_PREFIX_PATH=/opt/ros/humble /usr/bin/cmake --install /home/eungang/ros2_ws/build/cpp_pubsub
[3.490s] Level 1:colcon.colcon_core.environment:checking '/home/eungang/ros2_ws/install/cpp_pubsub' for CMake module files
[3.491s] Level 1:colcon.colcon_core.environment:checking '/home/eungang/ros2_ws/install/cpp_pubsub' for CMake config files
[3.491s] Level 1:colcon.colcon_core.shell:create_environment_hook('cpp_pubsub', 'cmake_prefix_path')
[3.491s] INFO:colcon.colcon_core.shell:Creating environment hook '/home/eungang/ros2_ws/install/cpp_pubsub/share/cpp_pubsub/hook/cmake_prefix_path.ps1'
[3.491s] INFO:colcon.colcon_core.shell:Creating environment descriptor '/home/eungang/ros2_ws/install/cpp_pubsub/share/cpp_pubsub/hook/cmake_prefix_path.dsv'
[3.491s] INFO:colcon.colcon_core.shell:Creating environment hook '/home/eungang/ros2_ws/install/cpp_pubsub/share/cpp_pubsub/hook/cmake_prefix_path.sh'
[3.492s] Level 1:colcon.colcon_core.environment:checking '/home/eungang/ros2_ws/install/cpp_pubsub/lib'
[3.492s] Level 1:colcon.colcon_core.environment:checking '/home/eungang/ros2_ws/install/cpp_pubsub/bin'
[3.492s] Level 1:colcon.colcon_core.environment:checking '/home/eungang/ros2_ws/install/cpp_pubsub/lib/pkgconfig/cpp_pubsub.pc'
[3.492s] Level 1:colcon.colcon_core.environment:checking '/home/eungang/ros2_ws/install/cpp_pubsub/lib/python3.10/site-packages'
[3.492s] Level 1:colcon.colcon_core.environment:checking '/home/eungang/ros2_ws/install/cpp_pubsub/bin'
[3.492s] INFO:colcon.colcon_core.shell:Creating package script '/home/eungang/ros2_ws/install/cpp_pubsub/share/cpp_pubsub/package.ps1'
[3.493s] INFO:colcon.colcon_core.shell:Creating package descriptor '/home/eungang/ros2_ws/install/cpp_pubsub/share/cpp_pubsub/package.dsv'
[3.493s] INFO:colcon.colcon_core.shell:Creating package script '/home/eungang/ros2_ws/install/cpp_pubsub/share/cpp_pubsub/package.sh'
[3.493s] INFO:colcon.colcon_core.shell:Creating package script '/home/eungang/ros2_ws/install/cpp_pubsub/share/cpp_pubsub/package.bash'
[3.494s] INFO:colcon.colcon_core.shell:Creating package script '/home/eungang/ros2_ws/install/cpp_pubsub/share/cpp_pubsub/package.zsh'
[3.494s] Level 1:colcon.colcon_core.environment:create_file_with_runtime_dependencies(/home/eungang/ros2_ws/install/cpp_pubsub/share/colcon-core/packages/cpp_pubsub)
[3.521s] Level 1:colcon.colcon_core.environment:create_environment_scripts_only(cpp_pubsub)
[3.521s] Level 1:colcon.colcon_core.environment:checking '/home/eungang/ros2_ws/install/cpp_pubsub' for CMake module files
[3.521s] Level 1:colcon.colcon_core.environment:checking '/home/eungang/ros2_ws/install/cpp_pubsub' for CMake config files
[3.521s] Level 1:colcon.colcon_core.shell:create_environment_hook('cpp_pubsub', 'cmake_prefix_path')
[3.522s] INFO:colcon.colcon_core.shell:Creating environment hook '/home/eungang/ros2_ws/install/cpp_pubsub/share/cpp_pubsub/hook/cmake_prefix_path.ps1'
[3.522s] INFO:colcon.colcon_core.shell:Creating environment descriptor '/home/eungang/ros2_ws/install/cpp_pubsub/share/cpp_pubsub/hook/cmake_prefix_path.dsv'
[3.522s] INFO:colcon.colcon_core.shell:Creating environment hook '/home/eungang/ros2_ws/install/cpp_pubsub/share/cpp_pubsub/hook/cmake_prefix_path.sh'
[3.522s] Level 1:colcon.colcon_core.environment:checking '/home/eungang/ros2_ws/install/cpp_pubsub/lib'
[3.522s] Level 1:colcon.colcon_core.environment:checking '/home/eungang/ros2_ws/install/cpp_pubsub/bin'
[3.522s] Level 1:colcon.colcon_core.environment:checking '/home/eungang/ros2_ws/install/cpp_pubsub/lib/pkgconfig/cpp_pubsub.pc'
[3.522s] Level 1:colcon.colcon_core.environment:checking '/home/eungang/ros2_ws/install/cpp_pubsub/lib/python3.10/site-packages'
[3.523s] Level 1:colcon.colcon_core.environment:checking '/home/eungang/ros2_ws/install/cpp_pubsub/bin'
[3.523s] INFO:colcon.colcon_core.shell:Creating package script '/home/eungang/ros2_ws/install/cpp_pubsub/share/cpp_pubsub/package.ps1'
[3.523s] INFO:colcon.colcon_core.shell:Creating package descriptor '/home/eungang/ros2_ws/install/cpp_pubsub/share/cpp_pubsub/package.dsv'
[3.523s] INFO:colcon.colcon_core.shell:Creating package script '/home/eungang/ros2_ws/install/cpp_pubsub/share/cpp_pubsub/package.sh'
[3.523s] INFO:colcon.colcon_core.shell:Creating package script '/home/eungang/ros2_ws/install/cpp_pubsub/share/cpp_pubsub/package.bash'
[3.524s] INFO:colcon.colcon_core.shell:Creating package script '/home/eungang/ros2_ws/install/cpp_pubsub/share/cpp_pubsub/package.zsh'
[3.524s] Level 1:colcon.colcon_core.environment:create_file_with_runtime_dependencies(/home/eungang/ros2_ws/install/cpp_pubsub/share/colcon-core/packages/cpp_pubsub)
[3.524s] DEBUG:colcon.colcon_parallel_executor.executor.parallel:closing loop
[3.524s] DEBUG:colcon.colcon_parallel_executor.executor.parallel:loop closed
[3.524s] DEBUG:colcon.colcon_parallel_executor.executor.parallel:run_until_complete finished with '0'
[3.524s] DEBUG:colcon.colcon_core.event_reactor:joining thread
[3.527s] INFO:colcon.colcon_core.plugin_system:Skipping extension 'colcon_notification.desktop_notification.terminal_notifier': Not used on non-Darwin systems
[3.527s] INFO:colcon.colcon_core.plugin_system:Skipping extension 'colcon_notification.desktop_notification.win32': Not used on non-Windows systems
[3.527s] INFO:colcon.colcon_notification.desktop_notification:Sending desktop notification using 'notify2'
[3.535s] DEBUG:colcon.colcon_core.event_reactor:joined thread
[3.535s] INFO:colcon.colcon_core.shell:Creating prefix script '/home/eungang/ros2_ws/install/local_setup.ps1'
[3.536s] INFO:colcon.colcon_core.shell:Creating prefix util module '/home/eungang/ros2_ws/install/_local_setup_util_ps1.py'
[3.537s] INFO:colcon.colcon_core.shell:Creating prefix chain script '/home/eungang/ros2_ws/install/setup.ps1'
[3.537s] INFO:colcon.colcon_core.shell:Creating prefix script '/home/eungang/ros2_ws/install/local_setup.sh'
[3.538s] INFO:colcon.colcon_core.shell:Creating prefix util module '/home/eungang/ros2_ws/install/_local_setup_util_sh.py'
[3.538s] INFO:colcon.colcon_core.shell:Creating prefix chain script '/home/eungang/ros2_ws/install/setup.sh'
[3.538s] INFO:colcon.colcon_core.shell:Creating prefix script '/home/eungang/ros2_ws/install/local_setup.bash'
[3.539s] INFO:colcon.colcon_core.shell:Creating prefix chain script '/home/eungang/ros2_ws/install/setup.bash'
[3.539s] INFO:colcon.colcon_core.shell:Creating prefix script '/home/eungang/ros2_ws/install/local_setup.zsh'
[3.539s] INFO:colcon.colcon_core.shell:Creating prefix chain script '/home/eungang/ros2_ws/install/setup.zsh'
