[0.009s] Invoking command in '/home/eungang/ros2_ws/build/turtlesim': CMAKE_PREFIX_PATH=/opt/ros/humble /usr/bin/cmake /home/eungang/ros2_ws/src/ros_tutorials/turtlesim -DCMAKE_INSTALL_PREFIX=/home/eungang/ros2_ws/install/turtlesim
[0.063s] -- The C compiler identification is GNU 11.4.0
[0.117s] -- The CXX compiler identification is GNU 11.4.0
[0.124s] -- Detecting C compiler ABI info
[0.191s] -- Detecting C compiler ABI info - done
[0.195s] -- Check for working C compiler: /usr/bin/cc - skipped
[0.195s] -- Detecting C compile features
[0.195s] -- Detecting C compile features - done
[0.197s] -- Detecting CXX compiler ABI info
[0.256s] -- Detecting CXX compiler ABI info - done
[0.259s] -- Check for working CXX compiler: /usr/bin/c++ - skipped
[0.260s] -- Detecting CXX compile features
[0.260s] -- Detecting CXX compile features - done
[0.261s] -- Found ament_cmake: 1.3.10 (/opt/ros/humble/share/ament_cmake/cmake)
[0.353s] -- Found Python3: /usr/bin/python3 (found version "3.10.12") found components: Interpreter 
[0.403s] -- Found ament_index_cpp: 1.4.0 (/opt/ros/humble/share/ament_index_cpp/cmake)
[0.404s] -- Found geometry_msgs: 4.2.4 (/opt/ros/humble/share/geometry_msgs/cmake)
[0.422s] -- Found rosidl_generator_c: 3.1.5 (/opt/ros/humble/share/rosidl_generator_c/cmake)
[0.425s] -- Found rosidl_adapter: 3.1.5 (/opt/ros/humble/share/rosidl_adapter/cmake)
[0.429s] -- Found rosidl_generator_cpp: 3.1.5 (/opt/ros/humble/share/rosidl_generator_cpp/cmake)
[0.435s] -- Using all available rosidl_typesupport_c: rosidl_typesupport_fastrtps_c;rosidl_typesupport_introspection_c
[0.443s] -- Using all available rosidl_typesupport_cpp: rosidl_typesupport_fastrtps_cpp;rosidl_typesupport_introspection_cpp
[0.470s] -- Found rclcpp: 16.0.10 (/opt/ros/humble/share/rclcpp/cmake)
[0.488s] -- Found rmw_implementation_cmake: 6.1.2 (/opt/ros/humble/share/rmw_implementation_cmake/cmake)
[0.489s] -- Found rmw_fastrtps_cpp: 6.2.7 (/opt/ros/humble/share/rmw_fastrtps_cpp/cmake)
[0.551s] -- Found OpenSSL: /usr/lib/x86_64-linux-gnu/libcrypto.so (found version "3.0.2")  
[0.568s] -- Found FastRTPS: /opt/ros/humble/include  
[0.594s] -- Using RMW implementation 'rmw_fastrtps_cpp' as default
[0.598s] -- Looking for pthread.h
[0.651s] -- Looking for pthread.h - found
[0.652s] -- Performing Test CMAKE_HAVE_LIBC_PTHREAD
[0.704s] -- Performing Test CMAKE_HAVE_LIBC_PTHREAD - Success
[0.704s] -- Found Threads: TRUE  
[0.726s] -- Found rclcpp_action: 16.0.10 (/opt/ros/humble/share/rclcpp_action/cmake)
[0.744s] -- Found rosidl_default_generators: 1.2.0 (/opt/ros/humble/share/rosidl_default_generators/cmake)
[0.748s] -- Found std_srvs: 4.2.4 (/opt/ros/humble/share/std_srvs/cmake)
[0.928s] -- Found ament_cmake_ros: 0.10.0 (/opt/ros/humble/share/ament_cmake_ros/cmake)
[1.115s] -- Using all available rosidl_typesupport_c: rosidl_typesupport_fastrtps_c;rosidl_typesupport_introspection_c
[1.188s] -- Using all available rosidl_typesupport_cpp: rosidl_typesupport_fastrtps_cpp;rosidl_typesupport_introspection_cpp
[1.201s] -- Found PythonInterp: /usr/bin/python3 (found suitable version "3.10.12", minimum required is "3.6") 
[1.202s] -- Found python_cmake_module: 0.10.0 (/opt/ros/humble/share/python_cmake_module/cmake)
[1.218s] -- Found PythonLibs: /usr/lib/x86_64-linux-gnu/libpython3.10.so (found suitable version "3.10.12", minimum required is "3.5") 
[1.218s] -- Using PYTHON_EXECUTABLE: /usr/bin/python3
[1.218s] -- Using PYTHON_INCLUDE_DIRS: /usr/include/python3.10
[1.218s] -- Using PYTHON_LIBRARIES: /usr/lib/x86_64-linux-gnu/libpython3.10.so
[1.232s] -- Found PythonExtra: .so  
[1.261s] -- Configuring done
[1.299s] -- Generating done
[1.301s] -- Build files have been written to: /home/eungang/ros2_ws/build/turtlesim
[1.311s] Invoked command in '/home/eungang/ros2_ws/build/turtlesim' returned '0': CMAKE_PREFIX_PATH=/opt/ros/humble /usr/bin/cmake /home/eungang/ros2_ws/src/ros_tutorials/turtlesim -DCMAKE_INSTALL_PREFIX=/home/eungang/ros2_ws/install/turtlesim
[1.313s] Invoking command in '/home/eungang/ros2_ws/build/turtlesim': CMAKE_PREFIX_PATH=/opt/ros/humble /usr/bin/cmake --build /home/eungang/ros2_ws/build/turtlesim -- -j16 -l16
[1.345s] [  1%] [34m[1mGenerating C code for ROS interfaces[0m
[1.351s] [  2%] [34m[1mGenerating C++ code for ROS interfaces[0m
[1.358s] [  2%] Built target ament_cmake_python_copy_turtlesim
[1.494s] running egg_info
[1.495s] creating turtlesim.egg-info
[1.495s] writing turtlesim.egg-info/PKG-INFO
[1.495s] writing dependency_links to turtlesim.egg-info/dependency_links.txt
[1.495s] writing top-level names to turtlesim.egg-info/top_level.txt
[1.495s] writing manifest file 'turtlesim.egg-info/SOURCES.txt'
[1.496s] reading manifest file 'turtlesim.egg-info/SOURCES.txt'
[1.497s] writing manifest file 'turtlesim.egg-info/SOURCES.txt'
[1.515s] [  2%] Built target ament_cmake_python_build_turtlesim_egg
[1.831s] [  2%] Built target turtlesim__cpp
[1.840s] [  3%] [34m[1mGenerating C++ type support dispatch for ROS interfaces[0m
[1.841s] [  4%] [34m[1mGenerating C++ introspection for ROS interfaces[0m
[1.842s] [  5%] [34m[1mGenerating C++ type support for eProsima Fast-RTPS[0m
[1.876s] [  9%] [32mBuilding C object CMakeFiles/turtlesim__rosidl_generator_c.dir/rosidl_generator_c/turtlesim/srv/detail/spawn__functions.c.o[0m
[1.876s] [  9%] [32mBuilding C object CMakeFiles/turtlesim__rosidl_generator_c.dir/rosidl_generator_c/turtlesim/msg/detail/color__functions.c.o[0m
[1.876s] [  9%] [32mBuilding C object CMakeFiles/turtlesim__rosidl_generator_c.dir/rosidl_generator_c/turtlesim/srv/detail/teleport_relative__functions.c.o[0m
[1.876s] [  9%] [32mBuilding C object CMakeFiles/turtlesim__rosidl_generator_c.dir/rosidl_generator_c/turtlesim/msg/detail/pose__functions.c.o[0m
[1.877s] [ 11%] [32mBuilding C object CMakeFiles/turtlesim__rosidl_generator_c.dir/rosidl_generator_c/turtlesim/srv/detail/kill__functions.c.o[0m
[1.877s] [ 11%] [32mBuilding C object CMakeFiles/turtlesim__rosidl_generator_c.dir/rosidl_generator_c/turtlesim/action/detail/rotate_absolute__functions.c.o[0m
[1.877s] [ 12%] [32mBuilding C object CMakeFiles/turtlesim__rosidl_generator_c.dir/rosidl_generator_c/turtlesim/srv/detail/set_pen__functions.c.o[0m
[1.878s] [ 13%] [32mBuilding C object CMakeFiles/turtlesim__rosidl_generator_c.dir/rosidl_generator_c/turtlesim/srv/detail/teleport_absolute__functions.c.o[0m
[1.970s] [ 14%] [32m[1mLinking C shared library libturtlesim__rosidl_generator_c.so[0m
[2.001s] [ 14%] Built target turtlesim__rosidl_generator_c
[2.009s] [ 16%] [34m[1mGenerating C type support for eProsima Fast-RTPS[0m
[2.009s] [ 16%] [34m[1mGenerating C introspection for ROS interfaces[0m
[2.009s] [ 17%] [34m[1mGenerating C type support dispatch for ROS interfaces[0m
[2.154s] [ 18%] [32mBuilding CXX object CMakeFiles/turtlesim__rosidl_typesupport_cpp.dir/rosidl_typesupport_cpp/turtlesim/action/rotate_absolute__type_support.cpp.o[0m
[2.155s] [ 19%] [32mBuilding CXX object CMakeFiles/turtlesim__rosidl_typesupport_cpp.dir/rosidl_typesupport_cpp/turtlesim/srv/kill__type_support.cpp.o[0m
[2.155s] [ 20%] [32mBuilding CXX object CMakeFiles/turtlesim__rosidl_typesupport_cpp.dir/rosidl_typesupport_cpp/turtlesim/msg/color__type_support.cpp.o[0m
[2.155s] [ 21%] [32mBuilding CXX object CMakeFiles/turtlesim__rosidl_typesupport_cpp.dir/rosidl_typesupport_cpp/turtlesim/srv/spawn__type_support.cpp.o[0m
[2.155s] [ 22%] [32mBuilding CXX object CMakeFiles/turtlesim__rosidl_typesupport_cpp.dir/rosidl_typesupport_cpp/turtlesim/srv/teleport_absolute__type_support.cpp.o[0m
[2.155s] [ 24%] [32mBuilding CXX object CMakeFiles/turtlesim__rosidl_typesupport_cpp.dir/rosidl_typesupport_cpp/turtlesim/srv/set_pen__type_support.cpp.o[0m
[2.156s] [ 24%] [32mBuilding CXX object CMakeFiles/turtlesim__rosidl_typesupport_cpp.dir/rosidl_typesupport_cpp/turtlesim/msg/pose__type_support.cpp.o[0m
[2.156s] [ 25%] [32mBuilding CXX object CMakeFiles/turtlesim__rosidl_typesupport_cpp.dir/rosidl_typesupport_cpp/turtlesim/srv/teleport_relative__type_support.cpp.o[0m
[2.327s] [ 29%] [32mBuilding CXX object CMakeFiles/turtlesim__rosidl_typesupport_introspection_cpp.dir/rosidl_typesupport_introspection_cpp/turtlesim/action/detail/rotate_absolute__type_support.cpp.o[0m
[2.327s] [ 29%] [32mBuilding CXX object CMakeFiles/turtlesim__rosidl_typesupport_introspection_cpp.dir/rosidl_typesupport_introspection_cpp/turtlesim/msg/detail/pose__type_support.cpp.o[0m
[2.327s] [ 29%] [32mBuilding CXX object CMakeFiles/turtlesim__rosidl_typesupport_introspection_cpp.dir/rosidl_typesupport_introspection_cpp/turtlesim/srv/detail/kill__type_support.cpp.o[0m
[2.327s] [ 29%] [32mBuilding CXX object CMakeFiles/turtlesim__rosidl_typesupport_introspection_cpp.dir/rosidl_typesupport_introspection_cpp/turtlesim/msg/detail/color__type_support.cpp.o[0m
[2.385s] [ 30%] [32mBuilding CXX object CMakeFiles/turtlesim__rosidl_typesupport_introspection_cpp.dir/rosidl_typesupport_introspection_cpp/turtlesim/srv/detail/set_pen__type_support.cpp.o[0m
[2.416s] [ 31%] [32mBuilding CXX object CMakeFiles/turtlesim__rosidl_typesupport_introspection_cpp.dir/rosidl_typesupport_introspection_cpp/turtlesim/srv/detail/spawn__type_support.cpp.o[0m
[2.417s] [ 32%] [32mBuilding CXX object CMakeFiles/turtlesim__rosidl_typesupport_introspection_cpp.dir/rosidl_typesupport_introspection_cpp/turtlesim/srv/detail/teleport_absolute__type_support.cpp.o[0m
[2.422s] [ 33%] [32mBuilding CXX object CMakeFiles/turtlesim__rosidl_typesupport_introspection_cpp.dir/rosidl_typesupport_introspection_cpp/turtlesim/srv/detail/teleport_relative__type_support.cpp.o[0m
[2.461s] [ 35%] [32mBuilding CXX object CMakeFiles/turtlesim__rosidl_typesupport_fastrtps_cpp.dir/rosidl_typesupport_fastrtps_cpp/turtlesim/msg/detail/dds_fastrtps/pose__type_support.cpp.o[0m
[2.461s] [ 35%] [32mBuilding CXX object CMakeFiles/turtlesim__rosidl_typesupport_fastrtps_cpp.dir/rosidl_typesupport_fastrtps_cpp/turtlesim/msg/detail/dds_fastrtps/color__type_support.cpp.o[0m
[2.461s] [ 36%] [32mBuilding CXX object CMakeFiles/turtlesim__rosidl_typesupport_fastrtps_cpp.dir/rosidl_typesupport_fastrtps_cpp/turtlesim/action/detail/dds_fastrtps/rotate_absolute__type_support.cpp.o[0m
[2.465s] [ 37%] [32mBuilding CXX object CMakeFiles/turtlesim__rosidl_typesupport_fastrtps_cpp.dir/rosidl_typesupport_fastrtps_cpp/turtlesim/srv/detail/dds_fastrtps/kill__type_support.cpp.o[0m
[2.468s] [ 38%] [32mBuilding CXX object CMakeFiles/turtlesim__rosidl_typesupport_c.dir/rosidl_typesupport_c/turtlesim/action/rotate_absolute__type_support.cpp.o[0m
[2.527s] [ 39%] [32mBuilding CXX object CMakeFiles/turtlesim__rosidl_typesupport_c.dir/rosidl_typesupport_c/turtlesim/msg/color__type_support.cpp.o[0m
[2.564s] [ 40%] [32mBuilding CXX object CMakeFiles/turtlesim__rosidl_typesupport_c.dir/rosidl_typesupport_c/turtlesim/msg/pose__type_support.cpp.o[0m
[2.601s] [ 41%] [32mBuilding CXX object CMakeFiles/turtlesim__rosidl_typesupport_c.dir/rosidl_typesupport_c/turtlesim/srv/kill__type_support.cpp.o[0m
[2.632s] [ 42%] [32m[1mLinking CXX shared library libturtlesim__rosidl_typesupport_cpp.so[0m
[2.639s] [ 43%] [32mBuilding CXX object CMakeFiles/turtlesim__rosidl_typesupport_c.dir/rosidl_typesupport_c/turtlesim/srv/set_pen__type_support.cpp.o[0m
[2.676s] [ 44%] [32mBuilding CXX object CMakeFiles/turtlesim__rosidl_typesupport_c.dir/rosidl_typesupport_c/turtlesim/srv/spawn__type_support.cpp.o[0m
[2.689s] [ 44%] Built target turtlesim__rosidl_typesupport_cpp
[2.700s] [ 45%] [32mBuilding CXX object CMakeFiles/turtlesim__rosidl_typesupport_c.dir/rosidl_typesupport_c/turtlesim/srv/teleport_absolute__type_support.cpp.o[0m
[2.714s] [ 46%] [32mBuilding C object CMakeFiles/turtlesim__rosidl_typesupport_introspection_c.dir/rosidl_typesupport_introspection_c/turtlesim/action/detail/rotate_absolute__type_support.c.o[0m
[2.721s] [ 47%] [32mBuilding C object CMakeFiles/turtlesim__rosidl_typesupport_introspection_c.dir/rosidl_typesupport_introspection_c/turtlesim/msg/detail/color__type_support.c.o[0m
[2.725s] [ 48%] [32mBuilding C object CMakeFiles/turtlesim__rosidl_typesupport_introspection_c.dir/rosidl_typesupport_introspection_c/turtlesim/msg/detail/pose__type_support.c.o[0m
[2.735s] [ 49%] [34m[1mGenerating include/turtlesim/moc_turtle_frame.cpp[0m
[2.743s] [ 50%] [32mBuilding CXX object CMakeFiles/turtlesim__rosidl_typesupport_c.dir/rosidl_typesupport_c/turtlesim/srv/teleport_relative__type_support.cpp.o[0m
[2.761s] [ 51%] [32mBuilding CXX object CMakeFiles/turtle_teleop_key.dir/tutorials/teleop_turtle_key.cpp.o[0m
[2.762s] [ 52%] [32mBuilding C object CMakeFiles/turtlesim__rosidl_typesupport_introspection_c.dir/rosidl_typesupport_introspection_c/turtlesim/srv/detail/kill__type_support.c.o[0m
[2.778s] [ 54%] [32m[1mLinking CXX shared library libturtlesim__rosidl_typesupport_c.so[0m
[2.778s] [ 54%] [32mBuilding CXX object CMakeFiles/turtlesim__rosidl_typesupport_fastrtps_cpp.dir/rosidl_typesupport_fastrtps_cpp/turtlesim/srv/detail/dds_fastrtps/set_pen__type_support.cpp.o[0m
[2.789s] [ 55%] [32mBuilding CXX object CMakeFiles/draw_square.dir/tutorials/draw_square.cpp.o[0m
[2.791s] [ 56%] [32mBuilding C object CMakeFiles/turtlesim__rosidl_typesupport_introspection_c.dir/rosidl_typesupport_introspection_c/turtlesim/srv/detail/set_pen__type_support.c.o[0m
[2.797s] [ 57%] [32mBuilding CXX object CMakeFiles/turtlesim__rosidl_typesupport_fastrtps_c.dir/rosidl_typesupport_fastrtps_c/turtlesim/action/detail/rotate_absolute__type_support_c.cpp.o[0m
[2.809s] [ 58%] [32mBuilding CXX object CMakeFiles/turtlesim_node.dir/src/turtlesim.cpp.o[0m
[2.810s] [ 59%] [32mBuilding C object CMakeFiles/turtlesim__rosidl_typesupport_introspection_c.dir/rosidl_typesupport_introspection_c/turtlesim/srv/detail/spawn__type_support.c.o[0m
[2.819s] [ 60%] [32mBuilding CXX object CMakeFiles/turtlesim__rosidl_typesupport_fastrtps_c.dir/rosidl_typesupport_fastrtps_c/turtlesim/msg/detail/color__type_support_c.cpp.o[0m
[2.827s] [ 60%] Built target turtlesim__rosidl_typesupport_c
[2.839s] [ 61%] [32mBuilding CXX object CMakeFiles/turtlesim__rosidl_typesupport_fastrtps_c.dir/rosidl_typesupport_fastrtps_c/turtlesim/msg/detail/pose__type_support_c.cpp.o[0m
[2.845s] [ 62%] [32mBuilding C object CMakeFiles/turtlesim__rosidl_typesupport_introspection_c.dir/rosidl_typesupport_introspection_c/turtlesim/srv/detail/teleport_absolute__type_support.c.o[0m
[2.845s] [ 63%] [32mBuilding CXX object CMakeFiles/mimic.dir/tutorials/mimic.cpp.o[0m
[2.848s] [ 64%] [32mBuilding CXX object CMakeFiles/turtlesim_node.dir/src/turtle.cpp.o[0m
[2.857s] [ 65%] [32mBuilding CXX object CMakeFiles/turtlesim__rosidl_typesupport_fastrtps_cpp.dir/rosidl_typesupport_fastrtps_cpp/turtlesim/srv/detail/dds_fastrtps/spawn__type_support.cpp.o[0m
[2.862s] [ 66%] [32mBuilding CXX object CMakeFiles/turtlesim__rosidl_typesupport_fastrtps_c.dir/rosidl_typesupport_fastrtps_c/turtlesim/srv/detail/kill__type_support_c.cpp.o[0m
[2.884s] [ 67%] [32mBuilding CXX object CMakeFiles/turtlesim__rosidl_typesupport_fastrtps_c.dir/rosidl_typesupport_fastrtps_c/turtlesim/srv/detail/set_pen__type_support_c.cpp.o[0m
[2.887s] [ 68%] [32mBuilding C object CMakeFiles/turtlesim__rosidl_typesupport_introspection_c.dir/rosidl_typesupport_introspection_c/turtlesim/srv/detail/teleport_relative__type_support.c.o[0m
[2.909s] [ 69%] [32mBuilding CXX object CMakeFiles/turtlesim_node.dir/src/turtle_frame.cpp.o[0m
[2.927s] [ 70%] [32m[1mLinking C shared library libturtlesim__rosidl_typesupport_introspection_c.so[0m
[2.944s] [ 71%] [32m[1mLinking CXX shared library libturtlesim__rosidl_typesupport_introspection_cpp.so[0m
[2.970s] [ 71%] Built target turtlesim__rosidl_typesupport_introspection_c
[2.984s] [ 72%] [32mBuilding CXX object CMakeFiles/turtlesim__rosidl_typesupport_fastrtps_c.dir/rosidl_typesupport_fastrtps_c/turtlesim/srv/detail/spawn__type_support_c.cpp.o[0m
[3.055s] [ 72%] Built target turtlesim__rosidl_typesupport_introspection_cpp
[3.067s] [ 73%] [32mBuilding CXX object CMakeFiles/turtlesim__rosidl_typesupport_fastrtps_c.dir/rosidl_typesupport_fastrtps_c/turtlesim/srv/detail/teleport_absolute__type_support_c.cpp.o[0m
[3.084s] [ 74%] [32mBuilding CXX object CMakeFiles/turtlesim_node.dir/include/turtlesim/moc_turtle_frame.cpp.o[0m
[3.141s] [ 75%] [32mBuilding CXX object CMakeFiles/turtlesim__rosidl_typesupport_fastrtps_cpp.dir/rosidl_typesupport_fastrtps_cpp/turtlesim/srv/detail/dds_fastrtps/teleport_absolute__type_support.cpp.o[0m
[3.181s] [ 77%] [32mBuilding CXX object CMakeFiles/turtlesim__rosidl_typesupport_fastrtps_cpp.dir/rosidl_typesupport_fastrtps_cpp/turtlesim/srv/detail/dds_fastrtps/teleport_relative__type_support.cpp.o[0m
[3.181s] [ 77%] [32mBuilding CXX object CMakeFiles/turtlesim__rosidl_typesupport_fastrtps_c.dir/rosidl_typesupport_fastrtps_c/turtlesim/srv/detail/teleport_relative__type_support_c.cpp.o[0m
[3.445s] [ 78%] [32m[1mLinking CXX shared library libturtlesim__rosidl_typesupport_fastrtps_c.so[0m
[3.512s] [ 78%] Built target turtlesim__rosidl_typesupport_fastrtps_c
[3.565s] [ 79%] [32m[1mLinking CXX shared library libturtlesim__rosidl_typesupport_fastrtps_cpp.so[0m
[3.629s] [ 79%] Built target turtlesim__rosidl_typesupport_fastrtps_cpp
[3.645s] [ 79%] Built target turtlesim
[3.662s] [ 80%] [34m[1mGenerating Python code for ROS interfaces[0m
[4.680s] [ 80%] Built target turtlesim__py
[4.698s] [ 85%] [32mBuilding C object CMakeFiles/turtlesim__rosidl_generator_py.dir/rosidl_generator_py/turtlesim/srv/_kill_s.c.o[0m
[4.698s] [ 85%] [32mBuilding C object CMakeFiles/turtlesim__rosidl_generator_py.dir/rosidl_generator_py/turtlesim/msg/_pose_s.c.o[0m
[4.698s] [ 85%] [32mBuilding C object CMakeFiles/turtlesim__rosidl_generator_py.dir/rosidl_generator_py/turtlesim/srv/_spawn_s.c.o[0m
[4.699s] [ 85%] [32mBuilding C object CMakeFiles/turtlesim__rosidl_generator_py.dir/rosidl_generator_py/turtlesim/msg/_color_s.c.o[0m
[4.699s] [ 85%] [32mBuilding C object CMakeFiles/turtlesim__rosidl_generator_py.dir/rosidl_generator_py/turtlesim/action/_rotate_absolute_s.c.o[0m
[4.699s] [ 86%] [32mBuilding C object CMakeFiles/turtlesim__rosidl_generator_py.dir/rosidl_generator_py/turtlesim/srv/_teleport_absolute_s.c.o[0m
[4.699s] [ 87%] [32mBuilding C object CMakeFiles/turtlesim__rosidl_generator_py.dir/rosidl_generator_py/turtlesim/srv/_teleport_relative_s.c.o[0m
[4.700s] [ 88%] [32mBuilding C object CMakeFiles/turtlesim__rosidl_generator_py.dir/rosidl_generator_py/turtlesim/srv/_set_pen_s.c.o[0m
[4.843s] [ 89%] [32m[1mLinking C shared library rosidl_generator_py/turtlesim/libturtlesim__rosidl_generator_py.so[0m
[4.877s] [ 89%] Built target turtlesim__rosidl_generator_py
[4.897s] [ 92%] [32mBuilding C object CMakeFiles/turtlesim__rosidl_typesupport_introspection_c__pyext.dir/rosidl_generator_py/turtlesim/_turtlesim_s.ep.rosidl_typesupport_introspection_c.c.o[0m
[4.898s] [ 92%] [32mBuilding C object CMakeFiles/turtlesim__rosidl_typesupport_fastrtps_c__pyext.dir/rosidl_generator_py/turtlesim/_turtlesim_s.ep.rosidl_typesupport_fastrtps_c.c.o[0m
[4.898s] [ 92%] [32mBuilding C object CMakeFiles/turtlesim__rosidl_typesupport_c__pyext.dir/rosidl_generator_py/turtlesim/_turtlesim_s.ep.rosidl_typesupport_c.c.o[0m
[5.014s] [ 93%] [32m[1mLinking C shared library rosidl_generator_py/turtlesim/turtlesim_s__rosidl_typesupport_introspection_c.cpython-310-x86_64-linux-gnu.so[0m
[5.047s] [ 93%] Built target turtlesim__rosidl_typesupport_introspection_c__pyext
[5.061s] [ 94%] [32m[1mLinking C shared library rosidl_generator_py/turtlesim/turtlesim_s__rosidl_typesupport_c.cpython-310-x86_64-linux-gnu.so[0m
[5.074s] [ 95%] [32m[1mLinking C shared library rosidl_generator_py/turtlesim/turtlesim_s__rosidl_typesupport_fastrtps_c.cpython-310-x86_64-linux-gnu.so[0m
[5.096s] [ 95%] Built target turtlesim__rosidl_typesupport_c__pyext
[5.111s] [ 95%] Built target turtlesim__rosidl_typesupport_fastrtps_c__pyext
[7.375s] [ 96%] [32m[1mLinking CXX executable turtle_teleop_key[0m
[7.567s] [ 96%] Built target turtle_teleop_key
[9.082s] [ 97%] [32m[1mLinking CXX executable mimic[0m
[9.362s] [ 97%] Built target mimic
[9.372s] [ 98%] [32m[1mLinking CXX executable draw_square[0m
[9.642s] [ 98%] Built target draw_square
[11.530s] [100%] [32m[1mLinking CXX executable turtlesim_node[0m
[12.805s] [100%] Built target turtlesim_node
[12.819s] Invoked command in '/home/eungang/ros2_ws/build/turtlesim' returned '0': CMAKE_PREFIX_PATH=/opt/ros/humble /usr/bin/cmake --build /home/eungang/ros2_ws/build/turtlesim -- -j16 -l16
[13.028s] Invoking command in '/home/eungang/ros2_ws/build/turtlesim': CMAKE_PREFIX_PATH=/opt/ros/humble /usr/bin/cmake --install /home/eungang/ros2_ws/build/turtlesim
[13.033s] -- Install configuration: ""
[13.033s] -- Installing: /home/eungang/ros2_ws/install/turtlesim/share/ament_index/resource_index/rosidl_interfaces/turtlesim
[13.033s] -- Installing: /home/eungang/ros2_ws/install/turtlesim/include/turtlesim/turtlesim
[13.033s] -- Installing: /home/eungang/ros2_ws/install/turtlesim/include/turtlesim/turtlesim/msg
[13.033s] -- Installing: /home/eungang/ros2_ws/install/turtlesim/include/turtlesim/turtlesim/msg/pose.h
[13.034s] -- Installing: /home/eungang/ros2_ws/install/turtlesim/include/turtlesim/turtlesim/msg/color.h
[13.034s] -- Installing: /home/eungang/ros2_ws/install/turtlesim/include/turtlesim/turtlesim/msg/detail
[13.041s] -- Installing: /home/eungang/ros2_ws/install/turtlesim/include/turtlesim/turtlesim/msg/detail/color__functions.c
[13.041s] -- Installing: /home/eungang/ros2_ws/install/turtlesim/include/turtlesim/turtlesim/msg/detail/pose__functions.h
[13.042s] -- Installing: /home/eungang/ros2_ws/install/turtlesim/include/turtlesim/turtlesim/msg/detail/pose__struct.h
[13.042s] -- Installing: /home/eungang/ros2_ws/install/turtlesim/include/turtlesim/turtlesim/msg/detail/color__functions.h
[13.042s] -- Installing: /home/eungang/ros2_ws/install/turtlesim/include/turtlesim/turtlesim/msg/detail/pose__type_support.h
[13.042s] -- Installing: /home/eungang/ros2_ws/install/turtlesim/include/turtlesim/turtlesim/msg/detail/pose__functions.c
[13.043s] -- Installing: /home/eungang/ros2_ws/install/turtlesim/include/turtlesim/turtlesim/msg/detail/color__struct.h
[13.043s] -- Installing: /home/eungang/ros2_ws/install/turtlesim/include/turtlesim/turtlesim/msg/detail/color__type_support.h
[13.043s] -- Installing: /home/eungang/ros2_ws/install/turtlesim/include/turtlesim/turtlesim/msg/rosidl_generator_c__visibility_control.h
[13.043s] -- Installing: /home/eungang/ros2_ws/install/turtlesim/include/turtlesim/turtlesim/srv
[13.043s] -- Installing: /home/eungang/ros2_ws/install/turtlesim/include/turtlesim/turtlesim/srv/kill.h
[13.043s] -- Installing: /home/eungang/ros2_ws/install/turtlesim/include/turtlesim/turtlesim/srv/spawn.h
[13.043s] -- Installing: /home/eungang/ros2_ws/install/turtlesim/include/turtlesim/turtlesim/srv/set_pen.h
[13.043s] -- Installing: /home/eungang/ros2_ws/install/turtlesim/include/turtlesim/turtlesim/srv/teleport_absolute.h
[13.043s] -- Installing: /home/eungang/ros2_ws/install/turtlesim/include/turtlesim/turtlesim/srv/detail
[13.043s] -- Installing: /home/eungang/ros2_ws/install/turtlesim/include/turtlesim/turtlesim/srv/detail/spawn__type_support.h
[13.044s] -- Installing: /home/eungang/ros2_ws/install/turtlesim/include/turtlesim/turtlesim/srv/detail/set_pen__type_support.h
[13.044s] -- Installing: /home/eungang/ros2_ws/install/turtlesim/include/turtlesim/turtlesim/srv/detail/spawn__functions.h
[13.044s] -- Installing: /home/eungang/ros2_ws/install/turtlesim/include/turtlesim/turtlesim/srv/detail/kill__functions.h
[13.044s] -- Installing: /home/eungang/ros2_ws/install/turtlesim/include/turtlesim/turtlesim/srv/detail/teleport_relative__type_support.h
[13.044s] -- Installing: /home/eungang/ros2_ws/install/turtlesim/include/turtlesim/turtlesim/srv/detail/spawn__struct.h
[13.044s] -- Installing: /home/eungang/ros2_ws/install/turtlesim/include/turtlesim/turtlesim/srv/detail/teleport_absolute__struct.h
[13.044s] -- Installing: /home/eungang/ros2_ws/install/turtlesim/include/turtlesim/turtlesim/srv/detail/kill__struct.h
[13.044s] -- Installing: /home/eungang/ros2_ws/install/turtlesim/include/turtlesim/turtlesim/srv/detail/teleport_relative__struct.h
[13.044s] -- Installing: /home/eungang/ros2_ws/install/turtlesim/include/turtlesim/turtlesim/srv/detail/kill__type_support.h
[13.044s] -- Installing: /home/eungang/ros2_ws/install/turtlesim/include/turtlesim/turtlesim/srv/detail/teleport_absolute__type_support.h
[13.044s] -- Installing: /home/eungang/ros2_ws/install/turtlesim/include/turtlesim/turtlesim/srv/detail/set_pen__functions.c
[13.044s] -- Installing: /home/eungang/ros2_ws/install/turtlesim/include/turtlesim/turtlesim/srv/detail/set_pen__functions.h
[13.045s] -- Installing: /home/eungang/ros2_ws/install/turtlesim/include/turtlesim/turtlesim/srv/detail/kill__functions.c
[13.045s] -- Installing: /home/eungang/ros2_ws/install/turtlesim/include/turtlesim/turtlesim/srv/detail/teleport_relative__functions.c
[13.045s] -- Installing: /home/eungang/ros2_ws/install/turtlesim/include/turtlesim/turtlesim/srv/detail/teleport_absolute__functions.c
[13.045s] -- Installing: /home/eungang/ros2_ws/install/turtlesim/include/turtlesim/turtlesim/srv/detail/set_pen__struct.h
[13.045s] -- Installing: /home/eungang/ros2_ws/install/turtlesim/include/turtlesim/turtlesim/srv/detail/teleport_absolute__functions.h
[13.045s] -- Installing: /home/eungang/ros2_ws/install/turtlesim/include/turtlesim/turtlesim/srv/detail/spawn__functions.c
[13.045s] -- Installing: /home/eungang/ros2_ws/install/turtlesim/include/turtlesim/turtlesim/srv/detail/teleport_relative__functions.h
[13.045s] -- Installing: /home/eungang/ros2_ws/install/turtlesim/include/turtlesim/turtlesim/srv/teleport_relative.h
[13.045s] -- Installing: /home/eungang/ros2_ws/install/turtlesim/include/turtlesim/turtlesim/action
[13.045s] -- Installing: /home/eungang/ros2_ws/install/turtlesim/include/turtlesim/turtlesim/action/rotate_absolute.h
[13.045s] -- Installing: /home/eungang/ros2_ws/install/turtlesim/include/turtlesim/turtlesim/action/detail
[13.046s] -- Installing: /home/eungang/ros2_ws/install/turtlesim/include/turtlesim/turtlesim/action/detail/rotate_absolute__struct.h
[13.046s] -- Installing: /home/eungang/ros2_ws/install/turtlesim/include/turtlesim/turtlesim/action/detail/rotate_absolute__functions.h
[13.046s] -- Installing: /home/eungang/ros2_ws/install/turtlesim/include/turtlesim/turtlesim/action/detail/rotate_absolute__functions.c
[13.046s] -- Installing: /home/eungang/ros2_ws/install/turtlesim/include/turtlesim/turtlesim/action/detail/rotate_absolute__type_support.h
[13.046s] -- Installing: /home/eungang/ros2_ws/install/turtlesim/share/turtlesim/environment/library_path.sh
[13.046s] -- Installing: /home/eungang/ros2_ws/install/turtlesim/share/turtlesim/environment/library_path.dsv
[13.046s] -- Installing: /home/eungang/ros2_ws/install/turtlesim/lib/libturtlesim__rosidl_generator_c.so
[13.047s] -- Set runtime path of "/home/eungang/ros2_ws/install/turtlesim/lib/libturtlesim__rosidl_generator_c.so" to ""
[13.047s] -- Up-to-date: /home/eungang/ros2_ws/install/turtlesim/include/turtlesim/turtlesim
[13.047s] -- Up-to-date: /home/eungang/ros2_ws/install/turtlesim/include/turtlesim/turtlesim/msg
[13.047s] -- Up-to-date: /home/eungang/ros2_ws/install/turtlesim/include/turtlesim/turtlesim/msg/detail
[13.047s] -- Installing: /home/eungang/ros2_ws/install/turtlesim/include/turtlesim/turtlesim/msg/detail/pose__rosidl_typesupport_fastrtps_c.h
[13.047s] -- Installing: /home/eungang/ros2_ws/install/turtlesim/include/turtlesim/turtlesim/msg/detail/color__rosidl_typesupport_fastrtps_c.h
[13.047s] -- Installing: /home/eungang/ros2_ws/install/turtlesim/include/turtlesim/turtlesim/msg/rosidl_typesupport_fastrtps_c__visibility_control.h
[13.047s] -- Up-to-date: /home/eungang/ros2_ws/install/turtlesim/include/turtlesim/turtlesim/srv
[13.047s] -- Up-to-date: /home/eungang/ros2_ws/install/turtlesim/include/turtlesim/turtlesim/srv/detail
[13.047s] -- Installing: /home/eungang/ros2_ws/install/turtlesim/include/turtlesim/turtlesim/srv/detail/teleport_absolute__rosidl_typesupport_fastrtps_c.h
[13.047s] -- Installing: /home/eungang/ros2_ws/install/turtlesim/include/turtlesim/turtlesim/srv/detail/kill__rosidl_typesupport_fastrtps_c.h
[13.047s] -- Installing: /home/eungang/ros2_ws/install/turtlesim/include/turtlesim/turtlesim/srv/detail/teleport_relative__rosidl_typesupport_fastrtps_c.h
[13.048s] -- Installing: /home/eungang/ros2_ws/install/turtlesim/include/turtlesim/turtlesim/srv/detail/spawn__rosidl_typesupport_fastrtps_c.h
[13.048s] -- Installing: /home/eungang/ros2_ws/install/turtlesim/include/turtlesim/turtlesim/srv/detail/set_pen__rosidl_typesupport_fastrtps_c.h
[13.048s] -- Up-to-date: /home/eungang/ros2_ws/install/turtlesim/include/turtlesim/turtlesim/action
[13.048s] -- Up-to-date: /home/eungang/ros2_ws/install/turtlesim/include/turtlesim/turtlesim/action/detail
[13.048s] -- Installing: /home/eungang/ros2_ws/install/turtlesim/include/turtlesim/turtlesim/action/detail/rotate_absolute__rosidl_typesupport_fastrtps_c.h
[13.048s] -- Installing: /home/eungang/ros2_ws/install/turtlesim/lib/libturtlesim__rosidl_typesupport_fastrtps_c.so
[13.048s] -- Set runtime path of "/home/eungang/ros2_ws/install/turtlesim/lib/libturtlesim__rosidl_typesupport_fastrtps_c.so" to ""
[13.048s] -- Up-to-date: /home/eungang/ros2_ws/install/turtlesim/include/turtlesim/turtlesim
[13.048s] -- Up-to-date: /home/eungang/ros2_ws/install/turtlesim/include/turtlesim/turtlesim/msg
[13.048s] -- Installing: /home/eungang/ros2_ws/install/turtlesim/include/turtlesim/turtlesim/msg/pose.hpp
[13.049s] -- Installing: /home/eungang/ros2_ws/install/turtlesim/include/turtlesim/turtlesim/msg/color.hpp
[13.049s] -- Up-to-date: /home/eungang/ros2_ws/install/turtlesim/include/turtlesim/turtlesim/msg/detail
[13.049s] -- Installing: /home/eungang/ros2_ws/install/turtlesim/include/turtlesim/turtlesim/msg/detail/color__struct.hpp
[13.049s] -- Installing: /home/eungang/ros2_ws/install/turtlesim/include/turtlesim/turtlesim/msg/detail/pose__struct.hpp
[13.049s] -- Installing: /home/eungang/ros2_ws/install/turtlesim/include/turtlesim/turtlesim/msg/detail/color__builder.hpp
[13.049s] -- Installing: /home/eungang/ros2_ws/install/turtlesim/include/turtlesim/turtlesim/msg/detail/pose__builder.hpp
[13.049s] -- Installing: /home/eungang/ros2_ws/install/turtlesim/include/turtlesim/turtlesim/msg/detail/pose__traits.hpp
[13.049s] -- Installing: /home/eungang/ros2_ws/install/turtlesim/include/turtlesim/turtlesim/msg/detail/color__traits.hpp
[13.049s] -- Up-to-date: /home/eungang/ros2_ws/install/turtlesim/include/turtlesim/turtlesim/srv
[13.049s] -- Installing: /home/eungang/ros2_ws/install/turtlesim/include/turtlesim/turtlesim/srv/set_pen.hpp
[13.049s] -- Installing: /home/eungang/ros2_ws/install/turtlesim/include/turtlesim/turtlesim/srv/teleport_absolute.hpp
[13.049s] -- Installing: /home/eungang/ros2_ws/install/turtlesim/include/turtlesim/turtlesim/srv/teleport_relative.hpp
[13.050s] -- Installing: /home/eungang/ros2_ws/install/turtlesim/include/turtlesim/turtlesim/srv/spawn.hpp
[13.050s] -- Installing: /home/eungang/ros2_ws/install/turtlesim/include/turtlesim/turtlesim/srv/kill.hpp
[13.050s] -- Up-to-date: /home/eungang/ros2_ws/install/turtlesim/include/turtlesim/turtlesim/srv/detail
[13.050s] -- Installing: /home/eungang/ros2_ws/install/turtlesim/include/turtlesim/turtlesim/srv/detail/spawn__struct.hpp
[13.050s] -- Installing: /home/eungang/ros2_ws/install/turtlesim/include/turtlesim/turtlesim/srv/detail/teleport_absolute__struct.hpp
[13.050s] -- Installing: /home/eungang/ros2_ws/install/turtlesim/include/turtlesim/turtlesim/srv/detail/set_pen__struct.hpp
[13.050s] -- Installing: /home/eungang/ros2_ws/install/turtlesim/include/turtlesim/turtlesim/srv/detail/kill__builder.hpp
[13.050s] -- Installing: /home/eungang/ros2_ws/install/turtlesim/include/turtlesim/turtlesim/srv/detail/spawn__builder.hpp
[13.050s] -- Installing: /home/eungang/ros2_ws/install/turtlesim/include/turtlesim/turtlesim/srv/detail/teleport_absolute__builder.hpp
[13.050s] -- Installing: /home/eungang/ros2_ws/install/turtlesim/include/turtlesim/turtlesim/srv/detail/kill__traits.hpp
[13.050s] -- Installing: /home/eungang/ros2_ws/install/turtlesim/include/turtlesim/turtlesim/srv/detail/teleport_relative__traits.hpp
[13.051s] -- Installing: /home/eungang/ros2_ws/install/turtlesim/include/turtlesim/turtlesim/srv/detail/teleport_absolute__traits.hpp
[13.051s] -- Installing: /home/eungang/ros2_ws/install/turtlesim/include/turtlesim/turtlesim/srv/detail/set_pen__builder.hpp
[13.051s] -- Installing: /home/eungang/ros2_ws/install/turtlesim/include/turtlesim/turtlesim/srv/detail/teleport_relative__builder.hpp
[13.051s] -- Installing: /home/eungang/ros2_ws/install/turtlesim/include/turtlesim/turtlesim/srv/detail/kill__struct.hpp
[13.051s] -- Installing: /home/eungang/ros2_ws/install/turtlesim/include/turtlesim/turtlesim/srv/detail/teleport_relative__struct.hpp
[13.051s] -- Installing: /home/eungang/ros2_ws/install/turtlesim/include/turtlesim/turtlesim/srv/detail/set_pen__traits.hpp
[13.051s] -- Installing: /home/eungang/ros2_ws/install/turtlesim/include/turtlesim/turtlesim/srv/detail/spawn__traits.hpp
[13.051s] -- Up-to-date: /home/eungang/ros2_ws/install/turtlesim/include/turtlesim/turtlesim/action
[13.051s] -- Installing: /home/eungang/ros2_ws/install/turtlesim/include/turtlesim/turtlesim/action/rotate_absolute.hpp
[13.051s] -- Up-to-date: /home/eungang/ros2_ws/install/turtlesim/include/turtlesim/turtlesim/action/detail
[13.052s] -- Installing: /home/eungang/ros2_ws/install/turtlesim/include/turtlesim/turtlesim/action/detail/rotate_absolute__traits.hpp
[13.052s] -- Installing: /home/eungang/ros2_ws/install/turtlesim/include/turtlesim/turtlesim/action/detail/rotate_absolute__builder.hpp
[13.052s] -- Installing: /home/eungang/ros2_ws/install/turtlesim/include/turtlesim/turtlesim/action/detail/rotate_absolute__struct.hpp
[13.052s] -- Up-to-date: /home/eungang/ros2_ws/install/turtlesim/include/turtlesim/turtlesim
[13.052s] -- Up-to-date: /home/eungang/ros2_ws/install/turtlesim/include/turtlesim/turtlesim/msg
[13.052s] -- Installing: /home/eungang/ros2_ws/install/turtlesim/include/turtlesim/turtlesim/msg/rosidl_typesupport_fastrtps_cpp__visibility_control.h
[13.052s] -- Up-to-date: /home/eungang/ros2_ws/install/turtlesim/include/turtlesim/turtlesim/msg/detail
[13.052s] -- Installing: /home/eungang/ros2_ws/install/turtlesim/include/turtlesim/turtlesim/msg/detail/dds_fastrtps
[13.052s] -- Installing: /home/eungang/ros2_ws/install/turtlesim/include/turtlesim/turtlesim/msg/detail/color__rosidl_typesupport_fastrtps_cpp.hpp
[13.052s] -- Installing: /home/eungang/ros2_ws/install/turtlesim/include/turtlesim/turtlesim/msg/detail/pose__rosidl_typesupport_fastrtps_cpp.hpp
[13.052s] -- Up-to-date: /home/eungang/ros2_ws/install/turtlesim/include/turtlesim/turtlesim/srv
[13.053s] -- Up-to-date: /home/eungang/ros2_ws/install/turtlesim/include/turtlesim/turtlesim/srv/detail
[13.053s] -- Installing: /home/eungang/ros2_ws/install/turtlesim/include/turtlesim/turtlesim/srv/detail/dds_fastrtps
[13.053s] -- Installing: /home/eungang/ros2_ws/install/turtlesim/include/turtlesim/turtlesim/srv/detail/teleport_relative__rosidl_typesupport_fastrtps_cpp.hpp
[13.053s] -- Installing: /home/eungang/ros2_ws/install/turtlesim/include/turtlesim/turtlesim/srv/detail/teleport_absolute__rosidl_typesupport_fastrtps_cpp.hpp
[13.053s] -- Installing: /home/eungang/ros2_ws/install/turtlesim/include/turtlesim/turtlesim/srv/detail/set_pen__rosidl_typesupport_fastrtps_cpp.hpp
[13.053s] -- Installing: /home/eungang/ros2_ws/install/turtlesim/include/turtlesim/turtlesim/srv/detail/kill__rosidl_typesupport_fastrtps_cpp.hpp
[13.053s] -- Installing: /home/eungang/ros2_ws/install/turtlesim/include/turtlesim/turtlesim/srv/detail/spawn__rosidl_typesupport_fastrtps_cpp.hpp
[13.053s] -- Up-to-date: /home/eungang/ros2_ws/install/turtlesim/include/turtlesim/turtlesim/action
[13.053s] -- Up-to-date: /home/eungang/ros2_ws/install/turtlesim/include/turtlesim/turtlesim/action/detail
[13.053s] -- Installing: /home/eungang/ros2_ws/install/turtlesim/include/turtlesim/turtlesim/action/detail/dds_fastrtps
[13.054s] -- Installing: /home/eungang/ros2_ws/install/turtlesim/include/turtlesim/turtlesim/action/detail/rotate_absolute__rosidl_typesupport_fastrtps_cpp.hpp
[13.054s] -- Installing: /home/eungang/ros2_ws/install/turtlesim/lib/libturtlesim__rosidl_typesupport_fastrtps_cpp.so
[13.054s] -- Set runtime path of "/home/eungang/ros2_ws/install/turtlesim/lib/libturtlesim__rosidl_typesupport_fastrtps_cpp.so" to ""
[13.054s] -- Up-to-date: /home/eungang/ros2_ws/install/turtlesim/include/turtlesim/turtlesim
[13.054s] -- Up-to-date: /home/eungang/ros2_ws/install/turtlesim/include/turtlesim/turtlesim/msg
[13.054s] -- Installing: /home/eungang/ros2_ws/install/turtlesim/include/turtlesim/turtlesim/msg/rosidl_typesupport_introspection_c__visibility_control.h
[13.054s] -- Up-to-date: /home/eungang/ros2_ws/install/turtlesim/include/turtlesim/turtlesim/msg/detail
[13.054s] -- Installing: /home/eungang/ros2_ws/install/turtlesim/include/turtlesim/turtlesim/msg/detail/color__type_support.c
[13.054s] -- Installing: /home/eungang/ros2_ws/install/turtlesim/include/turtlesim/turtlesim/msg/detail/color__rosidl_typesupport_introspection_c.h
[13.054s] -- Installing: /home/eungang/ros2_ws/install/turtlesim/include/turtlesim/turtlesim/msg/detail/pose__type_support.c
[13.055s] -- Installing: /home/eungang/ros2_ws/install/turtlesim/include/turtlesim/turtlesim/msg/detail/pose__rosidl_typesupport_introspection_c.h
[13.055s] -- Up-to-date: /home/eungang/ros2_ws/install/turtlesim/include/turtlesim/turtlesim/srv
[13.055s] -- Up-to-date: /home/eungang/ros2_ws/install/turtlesim/include/turtlesim/turtlesim/srv/detail
[13.055s] -- Installing: /home/eungang/ros2_ws/install/turtlesim/include/turtlesim/turtlesim/srv/detail/set_pen__rosidl_typesupport_introspection_c.h
[13.055s] -- Installing: /home/eungang/ros2_ws/install/turtlesim/include/turtlesim/turtlesim/srv/detail/teleport_relative__type_support.c
[13.055s] -- Installing: /home/eungang/ros2_ws/install/turtlesim/include/turtlesim/turtlesim/srv/detail/teleport_absolute__rosidl_typesupport_introspection_c.h
[13.055s] -- Installing: /home/eungang/ros2_ws/install/turtlesim/include/turtlesim/turtlesim/srv/detail/set_pen__type_support.c
[13.055s] -- Installing: /home/eungang/ros2_ws/install/turtlesim/include/turtlesim/turtlesim/srv/detail/spawn__rosidl_typesupport_introspection_c.h
[13.055s] -- Installing: /home/eungang/ros2_ws/install/turtlesim/include/turtlesim/turtlesim/srv/detail/spawn__type_support.c
[13.055s] -- Installing: /home/eungang/ros2_ws/install/turtlesim/include/turtlesim/turtlesim/srv/detail/teleport_relative__rosidl_typesupport_introspection_c.h
[13.055s] -- Installing: /home/eungang/ros2_ws/install/turtlesim/include/turtlesim/turtlesim/srv/detail/kill__type_support.c
[13.056s] -- Installing: /home/eungang/ros2_ws/install/turtlesim/include/turtlesim/turtlesim/srv/detail/teleport_absolute__type_support.c
[13.056s] -- Installing: /home/eungang/ros2_ws/install/turtlesim/include/turtlesim/turtlesim/srv/detail/kill__rosidl_typesupport_introspection_c.h
[13.056s] -- Up-to-date: /home/eungang/ros2_ws/install/turtlesim/include/turtlesim/turtlesim/action
[13.056s] -- Up-to-date: /home/eungang/ros2_ws/install/turtlesim/include/turtlesim/turtlesim/action/detail
[13.056s] -- Installing: /home/eungang/ros2_ws/install/turtlesim/include/turtlesim/turtlesim/action/detail/rotate_absolute__rosidl_typesupport_introspection_c.h
[13.056s] -- Installing: /home/eungang/ros2_ws/install/turtlesim/include/turtlesim/turtlesim/action/detail/rotate_absolute__type_support.c
[13.056s] -- Installing: /home/eungang/ros2_ws/install/turtlesim/lib/libturtlesim__rosidl_typesupport_introspection_c.so
[13.056s] -- Set runtime path of "/home/eungang/ros2_ws/install/turtlesim/lib/libturtlesim__rosidl_typesupport_introspection_c.so" to ""
[13.056s] -- Installing: /home/eungang/ros2_ws/install/turtlesim/lib/libturtlesim__rosidl_typesupport_c.so
[13.057s] -- Set runtime path of "/home/eungang/ros2_ws/install/turtlesim/lib/libturtlesim__rosidl_typesupport_c.so" to ""
[13.057s] -- Up-to-date: /home/eungang/ros2_ws/install/turtlesim/include/turtlesim/turtlesim
[13.057s] -- Up-to-date: /home/eungang/ros2_ws/install/turtlesim/include/turtlesim/turtlesim/msg
[13.057s] -- Up-to-date: /home/eungang/ros2_ws/install/turtlesim/include/turtlesim/turtlesim/msg/detail
[13.057s] -- Installing: /home/eungang/ros2_ws/install/turtlesim/include/turtlesim/turtlesim/msg/detail/color__type_support.cpp
[13.057s] -- Installing: /home/eungang/ros2_ws/install/turtlesim/include/turtlesim/turtlesim/msg/detail/pose__rosidl_typesupport_introspection_cpp.hpp
[13.057s] -- Installing: /home/eungang/ros2_ws/install/turtlesim/include/turtlesim/turtlesim/msg/detail/color__rosidl_typesupport_introspection_cpp.hpp
[13.057s] -- Installing: /home/eungang/ros2_ws/install/turtlesim/include/turtlesim/turtlesim/msg/detail/pose__type_support.cpp
[13.057s] -- Up-to-date: /home/eungang/ros2_ws/install/turtlesim/include/turtlesim/turtlesim/srv
[13.057s] -- Up-to-date: /home/eungang/ros2_ws/install/turtlesim/include/turtlesim/turtlesim/srv/detail
[13.058s] -- Installing: /home/eungang/ros2_ws/install/turtlesim/include/turtlesim/turtlesim/srv/detail/teleport_absolute__rosidl_typesupport_introspection_cpp.hpp
[13.058s] -- Installing: /home/eungang/ros2_ws/install/turtlesim/include/turtlesim/turtlesim/srv/detail/kill__type_support.cpp
[13.058s] -- Installing: /home/eungang/ros2_ws/install/turtlesim/include/turtlesim/turtlesim/srv/detail/set_pen__rosidl_typesupport_introspection_cpp.hpp
[13.058s] -- Installing: /home/eungang/ros2_ws/install/turtlesim/include/turtlesim/turtlesim/srv/detail/spawn__type_support.cpp
[13.058s] -- Installing: /home/eungang/ros2_ws/install/turtlesim/include/turtlesim/turtlesim/srv/detail/set_pen__type_support.cpp
[13.058s] -- Installing: /home/eungang/ros2_ws/install/turtlesim/include/turtlesim/turtlesim/srv/detail/spawn__rosidl_typesupport_introspection_cpp.hpp
[13.058s] -- Installing: /home/eungang/ros2_ws/install/turtlesim/include/turtlesim/turtlesim/srv/detail/kill__rosidl_typesupport_introspection_cpp.hpp
[13.058s] -- Installing: /home/eungang/ros2_ws/install/turtlesim/include/turtlesim/turtlesim/srv/detail/teleport_relative__rosidl_typesupport_introspection_cpp.hpp
[13.058s] -- Installing: /home/eungang/ros2_ws/install/turtlesim/include/turtlesim/turtlesim/srv/detail/teleport_absolute__type_support.cpp
[13.058s] -- Installing: /home/eungang/ros2_ws/install/turtlesim/include/turtlesim/turtlesim/srv/detail/teleport_relative__type_support.cpp
[13.058s] -- Up-to-date: /home/eungang/ros2_ws/install/turtlesim/include/turtlesim/turtlesim/action
[13.059s] -- Up-to-date: /home/eungang/ros2_ws/install/turtlesim/include/turtlesim/turtlesim/action/detail
[13.059s] -- Installing: /home/eungang/ros2_ws/install/turtlesim/include/turtlesim/turtlesim/action/detail/rotate_absolute__rosidl_typesupport_introspection_cpp.hpp
[13.059s] -- Installing: /home/eungang/ros2_ws/install/turtlesim/include/turtlesim/turtlesim/action/detail/rotate_absolute__type_support.cpp
[13.059s] -- Installing: /home/eungang/ros2_ws/install/turtlesim/lib/libturtlesim__rosidl_typesupport_introspection_cpp.so
[13.059s] -- Set runtime path of "/home/eungang/ros2_ws/install/turtlesim/lib/libturtlesim__rosidl_typesupport_introspection_cpp.so" to ""
[13.059s] -- Installing: /home/eungang/ros2_ws/install/turtlesim/lib/libturtlesim__rosidl_typesupport_cpp.so
[13.059s] -- Set runtime path of "/home/eungang/ros2_ws/install/turtlesim/lib/libturtlesim__rosidl_typesupport_cpp.so" to ""
[13.060s] -- Installing: /home/eungang/ros2_ws/install/turtlesim/share/turtlesim/environment/pythonpath.sh
[13.060s] -- Installing: /home/eungang/ros2_ws/install/turtlesim/share/turtlesim/environment/pythonpath.dsv
[13.060s] -- Installing: /home/eungang/ros2_ws/install/turtlesim/local/lib/python3.10/dist-packages/turtlesim-1.4.2-py3.10.egg-info
[13.060s] -- Installing: /home/eungang/ros2_ws/install/turtlesim/local/lib/python3.10/dist-packages/turtlesim-1.4.2-py3.10.egg-info/top_level.txt
[13.060s] -- Installing: /home/eungang/ros2_ws/install/turtlesim/local/lib/python3.10/dist-packages/turtlesim-1.4.2-py3.10.egg-info/PKG-INFO
[13.060s] -- Installing: /home/eungang/ros2_ws/install/turtlesim/local/lib/python3.10/dist-packages/turtlesim-1.4.2-py3.10.egg-info/dependency_links.txt
[13.060s] -- Installing: /home/eungang/ros2_ws/install/turtlesim/local/lib/python3.10/dist-packages/turtlesim-1.4.2-py3.10.egg-info/SOURCES.txt
[13.060s] -- Installing: /home/eungang/ros2_ws/install/turtlesim/local/lib/python3.10/dist-packages/turtlesim
[13.060s] -- Installing: /home/eungang/ros2_ws/install/turtlesim/local/lib/python3.10/dist-packages/turtlesim/__init__.py
[13.060s] -- Installing: /home/eungang/ros2_ws/install/turtlesim/local/lib/python3.10/dist-packages/turtlesim/_turtlesim_s.ep.rosidl_typesupport_introspection_c.c
[13.061s] -- Installing: /home/eungang/ros2_ws/install/turtlesim/local/lib/python3.10/dist-packages/turtlesim/msg
[13.061s] -- Installing: /home/eungang/ros2_ws/install/turtlesim/local/lib/python3.10/dist-packages/turtlesim/msg/__init__.py
[13.061s] -- Installing: /home/eungang/ros2_ws/install/turtlesim/local/lib/python3.10/dist-packages/turtlesim/msg/_color_s.c
[13.061s] -- Installing: /home/eungang/ros2_ws/install/turtlesim/local/lib/python3.10/dist-packages/turtlesim/msg/_pose.py
[13.061s] -- Installing: /home/eungang/ros2_ws/install/turtlesim/local/lib/python3.10/dist-packages/turtlesim/msg/_pose_s.c
[13.061s] -- Installing: /home/eungang/ros2_ws/install/turtlesim/local/lib/python3.10/dist-packages/turtlesim/msg/_color.py
[13.061s] -- Installing: /home/eungang/ros2_ws/install/turtlesim/local/lib/python3.10/dist-packages/turtlesim/_turtlesim_s.ep.rosidl_typesupport_fastrtps_c.c
[13.061s] -- Installing: /home/eungang/ros2_ws/install/turtlesim/local/lib/python3.10/dist-packages/turtlesim/turtlesim_s__rosidl_typesupport_fastrtps_c.cpython-310-x86_64-linux-gnu.so
[13.061s] -- Installing: /home/eungang/ros2_ws/install/turtlesim/local/lib/python3.10/dist-packages/turtlesim/turtlesim_s__rosidl_typesupport_introspection_c.cpython-310-x86_64-linux-gnu.so
[13.062s] -- Installing: /home/eungang/ros2_ws/install/turtlesim/local/lib/python3.10/dist-packages/turtlesim/libturtlesim__rosidl_generator_py.so
[13.062s] -- Installing: /home/eungang/ros2_ws/install/turtlesim/local/lib/python3.10/dist-packages/turtlesim/_turtlesim_s.ep.rosidl_typesupport_c.c
[13.062s] -- Installing: /home/eungang/ros2_ws/install/turtlesim/local/lib/python3.10/dist-packages/turtlesim/turtlesim_s__rosidl_typesupport_c.cpython-310-x86_64-linux-gnu.so
[13.062s] -- Installing: /home/eungang/ros2_ws/install/turtlesim/local/lib/python3.10/dist-packages/turtlesim/srv
[13.062s] -- Installing: /home/eungang/ros2_ws/install/turtlesim/local/lib/python3.10/dist-packages/turtlesim/srv/__init__.py
[13.062s] -- Installing: /home/eungang/ros2_ws/install/turtlesim/local/lib/python3.10/dist-packages/turtlesim/srv/_spawn_s.c
[13.062s] -- Installing: /home/eungang/ros2_ws/install/turtlesim/local/lib/python3.10/dist-packages/turtlesim/srv/_kill.py
[13.062s] -- Installing: /home/eungang/ros2_ws/install/turtlesim/local/lib/python3.10/dist-packages/turtlesim/srv/_teleport_absolute.py
[13.062s] -- Installing: /home/eungang/ros2_ws/install/turtlesim/local/lib/python3.10/dist-packages/turtlesim/srv/_set_pen_s.c
[13.063s] -- Installing: /home/eungang/ros2_ws/install/turtlesim/local/lib/python3.10/dist-packages/turtlesim/srv/_kill_s.c
[13.063s] -- Installing: /home/eungang/ros2_ws/install/turtlesim/local/lib/python3.10/dist-packages/turtlesim/srv/_teleport_relative.py
[13.063s] -- Installing: /home/eungang/ros2_ws/install/turtlesim/local/lib/python3.10/dist-packages/turtlesim/srv/_teleport_absolute_s.c
[13.063s] -- Installing: /home/eungang/ros2_ws/install/turtlesim/local/lib/python3.10/dist-packages/turtlesim/srv/_set_pen.py
[13.063s] -- Installing: /home/eungang/ros2_ws/install/turtlesim/local/lib/python3.10/dist-packages/turtlesim/srv/_teleport_relative_s.c
[13.063s] -- Installing: /home/eungang/ros2_ws/install/turtlesim/local/lib/python3.10/dist-packages/turtlesim/srv/_spawn.py
[13.063s] -- Installing: /home/eungang/ros2_ws/install/turtlesim/local/lib/python3.10/dist-packages/turtlesim/action
[13.063s] -- Installing: /home/eungang/ros2_ws/install/turtlesim/local/lib/python3.10/dist-packages/turtlesim/action/__init__.py
[13.063s] -- Installing: /home/eungang/ros2_ws/install/turtlesim/local/lib/python3.10/dist-packages/turtlesim/action/_rotate_absolute.py
[13.063s] -- Installing: /home/eungang/ros2_ws/install/turtlesim/local/lib/python3.10/dist-packages/turtlesim/action/_rotate_absolute_s.c
[13.091s] Listing '/home/eungang/ros2_ws/install/turtlesim/local/lib/python3.10/dist-packages/turtlesim'...
[13.091s] Compiling '/home/eungang/ros2_ws/install/turtlesim/local/lib/python3.10/dist-packages/turtlesim/__init__.py'...
[13.091s] Listing '/home/eungang/ros2_ws/install/turtlesim/local/lib/python3.10/dist-packages/turtlesim/action'...
[13.091s] Compiling '/home/eungang/ros2_ws/install/turtlesim/local/lib/python3.10/dist-packages/turtlesim/action/__init__.py'...
[13.091s] Compiling '/home/eungang/ros2_ws/install/turtlesim/local/lib/python3.10/dist-packages/turtlesim/action/_rotate_absolute.py'...
[13.091s] Listing '/home/eungang/ros2_ws/install/turtlesim/local/lib/python3.10/dist-packages/turtlesim/msg'...
[13.091s] Compiling '/home/eungang/ros2_ws/install/turtlesim/local/lib/python3.10/dist-packages/turtlesim/msg/__init__.py'...
[13.091s] Compiling '/home/eungang/ros2_ws/install/turtlesim/local/lib/python3.10/dist-packages/turtlesim/msg/_color.py'...
[13.091s] Compiling '/home/eungang/ros2_ws/install/turtlesim/local/lib/python3.10/dist-packages/turtlesim/msg/_pose.py'...
[13.091s] Listing '/home/eungang/ros2_ws/install/turtlesim/local/lib/python3.10/dist-packages/turtlesim/srv'...
[13.092s] Compiling '/home/eungang/ros2_ws/install/turtlesim/local/lib/python3.10/dist-packages/turtlesim/srv/__init__.py'...
[13.092s] Compiling '/home/eungang/ros2_ws/install/turtlesim/local/lib/python3.10/dist-packages/turtlesim/srv/_kill.py'...
[13.092s] Compiling '/home/eungang/ros2_ws/install/turtlesim/local/lib/python3.10/dist-packages/turtlesim/srv/_set_pen.py'...
[13.092s] Compiling '/home/eungang/ros2_ws/install/turtlesim/local/lib/python3.10/dist-packages/turtlesim/srv/_spawn.py'...
[13.092s] Compiling '/home/eungang/ros2_ws/install/turtlesim/local/lib/python3.10/dist-packages/turtlesim/srv/_teleport_absolute.py'...
[13.092s] Compiling '/home/eungang/ros2_ws/install/turtlesim/local/lib/python3.10/dist-packages/turtlesim/srv/_teleport_relative.py'...
[13.094s] -- Installing: /home/eungang/ros2_ws/install/turtlesim/local/lib/python3.10/dist-packages/turtlesim/turtlesim_s__rosidl_typesupport_fastrtps_c.cpython-310-x86_64-linux-gnu.so
[13.094s] -- Set runtime path of "/home/eungang/ros2_ws/install/turtlesim/local/lib/python3.10/dist-packages/turtlesim/turtlesim_s__rosidl_typesupport_fastrtps_c.cpython-310-x86_64-linux-gnu.so" to ""
[13.095s] -- Installing: /home/eungang/ros2_ws/install/turtlesim/local/lib/python3.10/dist-packages/turtlesim/turtlesim_s__rosidl_typesupport_introspection_c.cpython-310-x86_64-linux-gnu.so
[13.095s] -- Set runtime path of "/home/eungang/ros2_ws/install/turtlesim/local/lib/python3.10/dist-packages/turtlesim/turtlesim_s__rosidl_typesupport_introspection_c.cpython-310-x86_64-linux-gnu.so" to ""
[13.095s] -- Installing: /home/eungang/ros2_ws/install/turtlesim/local/lib/python3.10/dist-packages/turtlesim/turtlesim_s__rosidl_typesupport_c.cpython-310-x86_64-linux-gnu.so
[13.095s] -- Set runtime path of "/home/eungang/ros2_ws/install/turtlesim/local/lib/python3.10/dist-packages/turtlesim/turtlesim_s__rosidl_typesupport_c.cpython-310-x86_64-linux-gnu.so" to ""
[13.095s] -- Installing: /home/eungang/ros2_ws/install/turtlesim/lib/libturtlesim__rosidl_generator_py.so
[13.095s] -- Set runtime path of "/home/eungang/ros2_ws/install/turtlesim/lib/libturtlesim__rosidl_generator_py.so" to ""
[13.096s] -- Installing: /home/eungang/ros2_ws/install/turtlesim/share/turtlesim/action/RotateAbsolute.idl
[13.096s] -- Installing: /home/eungang/ros2_ws/install/turtlesim/share/turtlesim/msg/Color.idl
[13.096s] -- Installing: /home/eungang/ros2_ws/install/turtlesim/share/turtlesim/msg/Pose.idl
[13.096s] -- Installing: /home/eungang/ros2_ws/install/turtlesim/share/turtlesim/srv/Kill.idl
[13.096s] -- Installing: /home/eungang/ros2_ws/install/turtlesim/share/turtlesim/srv/SetPen.idl
[13.096s] -- Installing: /home/eungang/ros2_ws/install/turtlesim/share/turtlesim/srv/Spawn.idl
[13.096s] -- Installing: /home/eungang/ros2_ws/install/turtlesim/share/turtlesim/srv/TeleportAbsolute.idl
[13.096s] -- Installing: /home/eungang/ros2_ws/install/turtlesim/share/turtlesim/srv/TeleportRelative.idl
[13.096s] -- Installing: /home/eungang/ros2_ws/install/turtlesim/share/turtlesim/action/RotateAbsolute.action
[13.096s] -- Installing: /home/eungang/ros2_ws/install/turtlesim/share/turtlesim/msg/Color.msg
[13.097s] -- Installing: /home/eungang/ros2_ws/install/turtlesim/share/turtlesim/msg/Pose.msg
[13.097s] -- Installing: /home/eungang/ros2_ws/install/turtlesim/share/turtlesim/srv/Kill.srv
[13.097s] -- Installing: /home/eungang/ros2_ws/install/turtlesim/share/turtlesim/srv/Kill_Request.msg
[13.097s] -- Installing: /home/eungang/ros2_ws/install/turtlesim/share/turtlesim/srv/Kill_Response.msg
[13.097s] -- Installing: /home/eungang/ros2_ws/install/turtlesim/share/turtlesim/srv/SetPen.srv
[13.097s] -- Installing: /home/eungang/ros2_ws/install/turtlesim/share/turtlesim/srv/SetPen_Request.msg
[13.097s] -- Installing: /home/eungang/ros2_ws/install/turtlesim/share/turtlesim/srv/SetPen_Response.msg
[13.097s] -- Installing: /home/eungang/ros2_ws/install/turtlesim/share/turtlesim/srv/Spawn.srv
[13.097s] -- Installing: /home/eungang/ros2_ws/install/turtlesim/share/turtlesim/srv/Spawn_Request.msg
[13.097s] -- Installing: /home/eungang/ros2_ws/install/turtlesim/share/turtlesim/srv/Spawn_Response.msg
[13.098s] -- Installing: /home/eungang/ros2_ws/install/turtlesim/share/turtlesim/srv/TeleportAbsolute.srv
[13.098s] -- Installing: /home/eungang/ros2_ws/install/turtlesim/share/turtlesim/srv/TeleportAbsolute_Request.msg
[13.098s] -- Installing: /home/eungang/ros2_ws/install/turtlesim/share/turtlesim/srv/TeleportAbsolute_Response.msg
[13.098s] -- Installing: /home/eungang/ros2_ws/install/turtlesim/share/turtlesim/srv/TeleportRelative.srv
[13.098s] -- Installing: /home/eungang/ros2_ws/install/turtlesim/share/turtlesim/srv/TeleportRelative_Request.msg
[13.098s] -- Installing: /home/eungang/ros2_ws/install/turtlesim/share/turtlesim/srv/TeleportRelative_Response.msg
[13.098s] -- Installing: /home/eungang/ros2_ws/install/turtlesim/lib/turtlesim/turtlesim_node
[13.104s] -- Set runtime path of "/home/eungang/ros2_ws/install/turtlesim/lib/turtlesim/turtlesim_node" to ""
[13.104s] -- Installing: /home/eungang/ros2_ws/install/turtlesim/lib/turtlesim/turtle_teleop_key
[13.105s] -- Set runtime path of "/home/eungang/ros2_ws/install/turtlesim/lib/turtlesim/turtle_teleop_key" to ""
[13.106s] -- Installing: /home/eungang/ros2_ws/install/turtlesim/lib/turtlesim/draw_square
[13.108s] -- Set runtime path of "/home/eungang/ros2_ws/install/turtlesim/lib/turtlesim/draw_square" to ""
[13.108s] -- Installing: /home/eungang/ros2_ws/install/turtlesim/lib/turtlesim/mimic
[13.111s] -- Set runtime path of "/home/eungang/ros2_ws/install/turtlesim/lib/turtlesim/mimic" to ""
[13.111s] -- Installing: /home/eungang/ros2_ws/install/turtlesim/share/turtlesim/images
[13.111s] -- Installing: /home/eungang/ros2_ws/install/turtlesim/share/turtlesim/images/humble.png
[13.111s] -- Installing: /home/eungang/ros2_ws/install/turtlesim/share/turtlesim/images/eloquent.png
[13.111s] -- Installing: /home/eungang/ros2_ws/install/turtlesim/share/turtlesim/images/foxy.png
[13.111s] -- Installing: /home/eungang/ros2_ws/install/turtlesim/share/turtlesim/images/galactic.png
[13.111s] -- Installing: /home/eungang/ros2_ws/install/turtlesim/share/turtlesim/images/dashing.png
[13.112s] -- Installing: /home/eungang/ros2_ws/install/turtlesim/share/turtlesim/images/rolling.png
[13.112s] -- Installing: /home/eungang/ros2_ws/install/turtlesim/share/turtlesim/images/ardent.png
[13.112s] -- Installing: /home/eungang/ros2_ws/install/turtlesim/share/turtlesim/images/crystal.png
[13.112s] -- Installing: /home/eungang/ros2_ws/install/turtlesim/share/turtlesim/images/bouncy.png
[13.112s] -- Installing: /home/eungang/ros2_ws/install/turtlesim/share/turtlesim/launch
[13.112s] -- Installing: /home/eungang/ros2_ws/install/turtlesim/share/turtlesim/launch/multisim.launch.py
[13.112s] -- Installing: /home/eungang/ros2_ws/install/turtlesim/share/ament_index/resource_index/package_run_dependencies/turtlesim
[13.112s] -- Installing: /home/eungang/ros2_ws/install/turtlesim/share/ament_index/resource_index/parent_prefix_path/turtlesim
[13.112s] -- Installing: /home/eungang/ros2_ws/install/turtlesim/share/turtlesim/environment/ament_prefix_path.sh
[13.113s] -- Installing: /home/eungang/ros2_ws/install/turtlesim/share/turtlesim/environment/ament_prefix_path.dsv
[13.113s] -- Installing: /home/eungang/ros2_ws/install/turtlesim/share/turtlesim/environment/path.sh
[13.113s] -- Installing: /home/eungang/ros2_ws/install/turtlesim/share/turtlesim/environment/path.dsv
[13.113s] -- Installing: /home/eungang/ros2_ws/install/turtlesim/share/turtlesim/local_setup.bash
[13.113s] -- Installing: /home/eungang/ros2_ws/install/turtlesim/share/turtlesim/local_setup.sh
[13.113s] -- Installing: /home/eungang/ros2_ws/install/turtlesim/share/turtlesim/local_setup.zsh
[13.113s] -- Installing: /home/eungang/ros2_ws/install/turtlesim/share/turtlesim/local_setup.dsv
[13.113s] -- Installing: /home/eungang/ros2_ws/install/turtlesim/share/turtlesim/package.dsv
[13.113s] -- Installing: /home/eungang/ros2_ws/install/turtlesim/share/ament_index/resource_index/packages/turtlesim
[13.114s] -- Installing: /home/eungang/ros2_ws/install/turtlesim/share/turtlesim/cmake/export_turtlesim__rosidl_generator_cExport.cmake
[13.114s] -- Installing: /home/eungang/ros2_ws/install/turtlesim/share/turtlesim/cmake/export_turtlesim__rosidl_generator_cExport-noconfig.cmake
[13.114s] -- Installing: /home/eungang/ros2_ws/install/turtlesim/share/turtlesim/cmake/export_turtlesim__rosidl_typesupport_fastrtps_cExport.cmake
[13.114s] -- Installing: /home/eungang/ros2_ws/install/turtlesim/share/turtlesim/cmake/export_turtlesim__rosidl_typesupport_fastrtps_cExport-noconfig.cmake
[13.114s] -- Installing: /home/eungang/ros2_ws/install/turtlesim/share/turtlesim/cmake/export_turtlesim__rosidl_generator_cppExport.cmake
[13.114s] -- Installing: /home/eungang/ros2_ws/install/turtlesim/share/turtlesim/cmake/export_turtlesim__rosidl_typesupport_fastrtps_cppExport.cmake
[13.114s] -- Installing: /home/eungang/ros2_ws/install/turtlesim/share/turtlesim/cmake/export_turtlesim__rosidl_typesupport_fastrtps_cppExport-noconfig.cmake
[13.114s] -- Installing: /home/eungang/ros2_ws/install/turtlesim/share/turtlesim/cmake/turtlesim__rosidl_typesupport_introspection_cExport.cmake
[13.114s] -- Installing: /home/eungang/ros2_ws/install/turtlesim/share/turtlesim/cmake/turtlesim__rosidl_typesupport_introspection_cExport-noconfig.cmake
[13.115s] -- Installing: /home/eungang/ros2_ws/install/turtlesim/share/turtlesim/cmake/turtlesim__rosidl_typesupport_cExport.cmake
[13.115s] -- Installing: /home/eungang/ros2_ws/install/turtlesim/share/turtlesim/cmake/turtlesim__rosidl_typesupport_cExport-noconfig.cmake
[13.115s] -- Installing: /home/eungang/ros2_ws/install/turtlesim/share/turtlesim/cmake/turtlesim__rosidl_typesupport_introspection_cppExport.cmake
[13.115s] -- Installing: /home/eungang/ros2_ws/install/turtlesim/share/turtlesim/cmake/turtlesim__rosidl_typesupport_introspection_cppExport-noconfig.cmake
[13.115s] -- Installing: /home/eungang/ros2_ws/install/turtlesim/share/turtlesim/cmake/turtlesim__rosidl_typesupport_cppExport.cmake
[13.115s] -- Installing: /home/eungang/ros2_ws/install/turtlesim/share/turtlesim/cmake/turtlesim__rosidl_typesupport_cppExport-noconfig.cmake
[13.115s] -- Installing: /home/eungang/ros2_ws/install/turtlesim/share/turtlesim/cmake/export_turtlesim__rosidl_generator_pyExport.cmake
[13.115s] -- Installing: /home/eungang/ros2_ws/install/turtlesim/share/turtlesim/cmake/export_turtlesim__rosidl_generator_pyExport-noconfig.cmake
[13.115s] -- Installing: /home/eungang/ros2_ws/install/turtlesim/share/turtlesim/cmake/rosidl_cmake-extras.cmake
[13.116s] -- Installing: /home/eungang/ros2_ws/install/turtlesim/share/turtlesim/cmake/ament_cmake_export_dependencies-extras.cmake
[13.116s] -- Installing: /home/eungang/ros2_ws/install/turtlesim/share/turtlesim/cmake/ament_cmake_export_include_directories-extras.cmake
[13.116s] -- Installing: /home/eungang/ros2_ws/install/turtlesim/share/turtlesim/cmake/ament_cmake_export_libraries-extras.cmake
[13.116s] -- Installing: /home/eungang/ros2_ws/install/turtlesim/share/turtlesim/cmake/ament_cmake_export_targets-extras.cmake
[13.116s] -- Installing: /home/eungang/ros2_ws/install/turtlesim/share/turtlesim/cmake/rosidl_cmake_export_typesupport_targets-extras.cmake
[13.116s] -- Installing: /home/eungang/ros2_ws/install/turtlesim/share/turtlesim/cmake/rosidl_cmake_export_typesupport_libraries-extras.cmake
[13.116s] -- Installing: /home/eungang/ros2_ws/install/turtlesim/share/turtlesim/cmake/turtlesimConfig.cmake
[13.116s] -- Installing: /home/eungang/ros2_ws/install/turtlesim/share/turtlesim/cmake/turtlesimConfig-version.cmake
[13.116s] -- Installing: /home/eungang/ros2_ws/install/turtlesim/share/turtlesim/package.xml
[13.119s] Invoked command in '/home/eungang/ros2_ws/build/turtlesim' returned '0': CMAKE_PREFIX_PATH=/opt/ros/humble /usr/bin/cmake --install /home/eungang/ros2_ws/build/turtlesim
