[0.010s] Invoking command in '/home/eungang/ros2_ws/build/cpp_pubsub': CMAKE_PREFIX_PATH=/opt/ros/humble /usr/bin/cmake --build /home/eungang/ros2_ws/build/cpp_pubsub -- -j16 -l16
[0.034s] -- Found ament_cmake: 1.3.10 (/opt/ros/humble/share/ament_cmake/cmake)
[0.139s] -- Found rclcpp: 16.0.10 (/opt/ros/humble/share/rclcpp/cmake)
[0.163s] -- Found rosidl_generator_c: 3.1.5 (/opt/ros/humble/share/rosidl_generator_c/cmake)
[0.165s] -- Found rosidl_adapter: 3.1.5 (/opt/ros/humble/share/rosidl_adapter/cmake)
[0.169s] -- Found rosidl_generator_cpp: 3.1.5 (/opt/ros/humble/share/rosidl_generator_cpp/cmake)
[0.177s] -- Using all available rosidl_typesupport_c: rosidl_typesupport_fastrtps_c;rosidl_typesupport_introspection_c
[0.186s] -- Using all available rosidl_typesupport_cpp: rosidl_typesupport_fastrtps_cpp;rosidl_typesupport_introspection_cpp
[0.211s] -- Found rmw_implementation_cmake: 6.1.2 (/opt/ros/humble/share/rmw_implementation_cmake/cmake)
[0.211s] -- Found rmw_fastrtps_cpp: 6.2.7 (/opt/ros/humble/share/rmw_fastrtps_cpp/cmake)
[0.305s] -- Using RMW implementation 'rmw_fastrtps_cpp' as default
[0.344s] -- Found geometry_msgs: 4.2.4 (/opt/ros/humble/share/geometry_msgs/cmake)
[0.354s] -- Found turtlesim: 1.4.2 (/opt/ros/humble/share/turtlesim/cmake)
[0.438s] -- Configuring done
[0.449s] -- Generating done
[0.451s] -- Build files have been written to: /home/eungang/ros2_ws/build/cpp_pubsub
[0.477s] [35m[1mConsolidate compiler generated dependencies of target talker[0m
[0.477s] [35m[1mConsolidate compiler generated dependencies of target listener[0m
[0.491s] [ 25%] [32mBuilding CXX object CMakeFiles/talker.dir/src/publisher_member_function.cpp.o[0m
[0.491s] [ 75%] Built target listener
[3.276s] [100%] [32m[1mLinking CXX executable talker[0m
[3.428s] [100%] Built target talker
[3.438s] Invoked command in '/home/eungang/ros2_ws/build/cpp_pubsub' returned '0': CMAKE_PREFIX_PATH=/opt/ros/humble /usr/bin/cmake --build /home/eungang/ros2_ws/build/cpp_pubsub -- -j16 -l16
[3.474s] Invoking command in '/home/eungang/ros2_ws/build/cpp_pubsub': CMAKE_PREFIX_PATH=/opt/ros/humble /usr/bin/cmake --install /home/eungang/ros2_ws/build/cpp_pubsub
[3.478s] -- Install configuration: ""
[3.478s] -- Installing: /home/eungang/ros2_ws/install/cpp_pubsub/lib/cpp_pubsub/talker
[3.480s] -- Set runtime path of "/home/eungang/ros2_ws/install/cpp_pubsub/lib/cpp_pubsub/talker" to ""
[3.480s] -- Installing: /home/eungang/ros2_ws/install/cpp_pubsub/lib/cpp_pubsub/listener
[3.483s] -- Set runtime path of "/home/eungang/ros2_ws/install/cpp_pubsub/lib/cpp_pubsub/listener" to ""
[3.483s] -- Up-to-date: /home/eungang/ros2_ws/install/cpp_pubsub/share/ament_index/resource_index/package_run_dependencies/cpp_pubsub
[3.483s] -- Up-to-date: /home/eungang/ros2_ws/install/cpp_pubsub/share/ament_index/resource_index/parent_prefix_path/cpp_pubsub
[3.483s] -- Up-to-date: /home/eungang/ros2_ws/install/cpp_pubsub/share/cpp_pubsub/environment/ament_prefix_path.sh
[3.483s] -- Installing: /home/eungang/ros2_ws/install/cpp_pubsub/share/cpp_pubsub/environment/ament_prefix_path.dsv
[3.483s] -- Up-to-date: /home/eungang/ros2_ws/install/cpp_pubsub/share/cpp_pubsub/environment/path.sh
[3.484s] -- Installing: /home/eungang/ros2_ws/install/cpp_pubsub/share/cpp_pubsub/environment/path.dsv
[3.484s] -- Up-to-date: /home/eungang/ros2_ws/install/cpp_pubsub/share/cpp_pubsub/local_setup.bash
[3.484s] -- Up-to-date: /home/eungang/ros2_ws/install/cpp_pubsub/share/cpp_pubsub/local_setup.sh
[3.484s] -- Up-to-date: /home/eungang/ros2_ws/install/cpp_pubsub/share/cpp_pubsub/local_setup.zsh
[3.484s] -- Installing: /home/eungang/ros2_ws/install/cpp_pubsub/share/cpp_pubsub/local_setup.dsv
[3.484s] -- Installing: /home/eungang/ros2_ws/install/cpp_pubsub/share/cpp_pubsub/package.dsv
[3.484s] -- Up-to-date: /home/eungang/ros2_ws/install/cpp_pubsub/share/ament_index/resource_index/packages/cpp_pubsub
[3.484s] -- Up-to-date: /home/eungang/ros2_ws/install/cpp_pubsub/share/cpp_pubsub/cmake/cpp_pubsubConfig.cmake
[3.484s] -- Up-to-date: /home/eungang/ros2_ws/install/cpp_pubsub/share/cpp_pubsub/cmake/cpp_pubsubConfig-version.cmake
[3.484s] -- Up-to-date: /home/eungang/ros2_ws/install/cpp_pubsub/share/cpp_pubsub/package.xml
[3.485s] Invoked command in '/home/eungang/ros2_ws/build/cpp_pubsub' returned '0': CMAKE_PREFIX_PATH=/opt/ros/humble /usr/bin/cmake --install /home/eungang/ros2_ws/build/cpp_pubsub
