-- Found ament_cmake: 1.3.10 (/opt/ros/humble/share/ament_cmake/cmake)
-- Found rclcpp: 16.0.10 (/opt/ros/humble/share/rclcpp/cmake)
-- Found rosidl_generator_c: 3.1.5 (/opt/ros/humble/share/rosidl_generator_c/cmake)
-- Found rosidl_adapter: 3.1.5 (/opt/ros/humble/share/rosidl_adapter/cmake)
-- Found rosidl_generator_cpp: 3.1.5 (/opt/ros/humble/share/rosidl_generator_cpp/cmake)
-- Using all available rosidl_typesupport_c: rosidl_typesupport_fastrtps_c;rosidl_typesupport_introspection_c
-- Using all available rosidl_typesupport_cpp: rosidl_typesupport_fastrtps_cpp;rosidl_typesupport_introspection_cpp
-- Found rmw_implementation_cmake: 6.1.2 (/opt/ros/humble/share/rmw_implementation_cmake/cmake)
-- Found rmw_fastrtps_cpp: 6.2.7 (/opt/ros/humble/share/rmw_fastrtps_cpp/cmake)
-- Using RMW implementation 'rmw_fastrtps_cpp' as default
-- Found geometry_msgs: 4.2.4 (/opt/ros/humble/share/geometry_msgs/cmake)
-- Found turtlesim: 1.4.2 (/opt/ros/humble/share/turtlesim/cmake)
-- Configuring incomplete, errors occurred!
See also "/home/eungang/ros2_ws/build/cpp_pubsub/CMakeFiles/CMakeOutput.log".
[31mCMake Error at CMakeLists.txt:18 (find_package):
  By not providing "Findncurses.cmake" in CMAKE_MODULE_PATH this project has
  asked CMake to find a package configuration file provided by "ncurses", but
  CMake did not find one.

  Could not find a package configuration file provided by "ncurses" with any
  of the following names:

    ncursesConfig.cmake
    ncurses-config.cmake

  Add the installation prefix of "ncurses" to CMAKE_PREFIX_PATH or set
  "ncurses_DIR" to a directory containing one of the above files.  If
  "ncurses" provides a separate development package or SDK, be sure it has
  been installed.

[0m
gmake: *** [Makefile:308: cmake_check_build_system] 오류 1
