[0.010s] Invoking command in '/home/eungang/ros2_ws/build/cpp_pubsub': CMAKE_PREFIX_PATH=/opt/ros/humble /usr/bin/cmake --build /home/eungang/ros2_ws/build/cpp_pubsub -- -j16 -l16
[0.034s] -- Found ament_cmake: 1.3.10 (/opt/ros/humble/share/ament_cmake/cmake)
[0.138s] -- Found rclcpp: 16.0.10 (/opt/ros/humble/share/rclcpp/cmake)
[0.161s] -- Found rosidl_generator_c: 3.1.5 (/opt/ros/humble/share/rosidl_generator_c/cmake)
[0.163s] -- Found rosidl_adapter: 3.1.5 (/opt/ros/humble/share/rosidl_adapter/cmake)
[0.168s] -- Found rosidl_generator_cpp: 3.1.5 (/opt/ros/humble/share/rosidl_generator_cpp/cmake)
[0.175s] -- Using all available rosidl_typesupport_c: rosidl_typesupport_fastrtps_c;rosidl_typesupport_introspection_c
[0.185s] -- Using all available rosidl_typesupport_cpp: rosidl_typesupport_fastrtps_cpp;rosidl_typesupport_introspection_cpp
[0.210s] -- Found rmw_implementation_cmake: 6.1.2 (/opt/ros/humble/share/rmw_implementation_cmake/cmake)
[0.211s] -- Found rmw_fastrtps_cpp: 6.2.7 (/opt/ros/humble/share/rmw_fastrtps_cpp/cmake)
[0.279s] -- Using RMW implementation 'rmw_fastrtps_cpp' as default
[0.304s] -- Found geometry_msgs: 4.2.4 (/opt/ros/humble/share/geometry_msgs/cmake)
[0.311s] -- Found turtlesim: 1.4.2 (/opt/ros/humble/share/turtlesim/cmake)
[0.336s] -- Configuring incomplete, errors occurred!
[0.336s] See also "/home/eungang/ros2_ws/build/cpp_pubsub/CMakeFiles/CMakeOutput.log".
[0.336s] [31mCMake Error at CMakeLists.txt:18 (find_package):
[0.336s]   By not providing "Findncurses.cmake" in CMAKE_MODULE_PATH this project has
[0.336s]   asked CMake to find a package configuration file provided by "ncurses", but
[0.337s]   CMake did not find one.
[0.337s] 
[0.337s]   Could not find a package configuration file provided by "ncurses" with any
[0.337s]   of the following names:
[0.337s] 
[0.337s]     ncursesConfig.cmake
[0.337s]     ncurses-config.cmake
[0.337s] 
[0.337s]   Add the installation prefix of "ncurses" to CMAKE_PREFIX_PATH or set
[0.337s]   "ncurses_DIR" to a directory containing one of the above files.  If
[0.337s]   "ncurses" provides a separate development package or SDK, be sure it has
[0.337s]   been installed.
[0.337s] 
[0.337s] [0m
[0.341s] gmake: *** [Makefile:308: cmake_check_build_system] 오류 1
[0.343s] Invoked command in '/home/eungang/ros2_ws/build/cpp_pubsub' returned '2': CMAKE_PREFIX_PATH=/opt/ros/humble /usr/bin/cmake --build /home/eungang/ros2_ws/build/cpp_pubsub -- -j16 -l16
