[0.017s] Invoking command in '/home/eungang/ros2_ws/build/cpp_pubsub': CMAKE_PREFIX_PATH=/opt/ros/humble /usr/bin/cmake --build /home/eungang/ros2_ws/build/cpp_pubsub -- -j16 -l16
[0.070s] [ 50%] Built target listener
[0.071s] [ 75%] [32mBuilding CXX object CMakeFiles/talker.dir/src/publisher_member_function.cpp.o[0m
[2.839s] [100%] [32m[1mLinking CXX executable talker[0m
[2.979s] [100%] Built target talker
[2.993s] Invoked command in '/home/eungang/ros2_ws/build/cpp_pubsub' returned '0': CMAKE_PREFIX_PATH=/opt/ros/humble /usr/bin/cmake --build /home/eungang/ros2_ws/build/cpp_pubsub -- -j16 -l16
[3.027s] Invoking command in '/home/eungang/ros2_ws/build/cpp_pubsub': CMAKE_PREFIX_PATH=/opt/ros/humble /usr/bin/cmake --install /home/eungang/ros2_ws/build/cpp_pubsub
[3.031s] -- Install configuration: ""
[3.031s] -- Installing: /home/eungang/ros2_ws/install/cpp_pubsub/lib/cpp_pubsub/talker
[3.033s] -- Set runtime path of "/home/eungang/ros2_ws/install/cpp_pubsub/lib/cpp_pubsub/talker" to ""
[3.033s] -- Up-to-date: /home/eungang/ros2_ws/install/cpp_pubsub/lib/cpp_pubsub/listener
[3.033s] -- Up-to-date: /home/eungang/ros2_ws/install/cpp_pubsub/share/ament_index/resource_index/package_run_dependencies/cpp_pubsub
[3.033s] -- Up-to-date: /home/eungang/ros2_ws/install/cpp_pubsub/share/ament_index/resource_index/parent_prefix_path/cpp_pubsub
[3.033s] -- Up-to-date: /home/eungang/ros2_ws/install/cpp_pubsub/share/cpp_pubsub/environment/ament_prefix_path.sh
[3.033s] -- Up-to-date: /home/eungang/ros2_ws/install/cpp_pubsub/share/cpp_pubsub/environment/ament_prefix_path.dsv
[3.033s] -- Up-to-date: /home/eungang/ros2_ws/install/cpp_pubsub/share/cpp_pubsub/environment/path.sh
[3.033s] -- Up-to-date: /home/eungang/ros2_ws/install/cpp_pubsub/share/cpp_pubsub/environment/path.dsv
[3.033s] -- Up-to-date: /home/eungang/ros2_ws/install/cpp_pubsub/share/cpp_pubsub/local_setup.bash
[3.033s] -- Up-to-date: /home/eungang/ros2_ws/install/cpp_pubsub/share/cpp_pubsub/local_setup.sh
[3.033s] -- Up-to-date: /home/eungang/ros2_ws/install/cpp_pubsub/share/cpp_pubsub/local_setup.zsh
[3.033s] -- Up-to-date: /home/eungang/ros2_ws/install/cpp_pubsub/share/cpp_pubsub/local_setup.dsv
[3.033s] -- Installing: /home/eungang/ros2_ws/install/cpp_pubsub/share/cpp_pubsub/package.dsv
[3.033s] -- Up-to-date: /home/eungang/ros2_ws/install/cpp_pubsub/share/ament_index/resource_index/packages/cpp_pubsub
[3.033s] -- Up-to-date: /home/eungang/ros2_ws/install/cpp_pubsub/share/cpp_pubsub/cmake/cpp_pubsubConfig.cmake
[3.033s] -- Up-to-date: /home/eungang/ros2_ws/install/cpp_pubsub/share/cpp_pubsub/cmake/cpp_pubsubConfig-version.cmake
[3.033s] -- Up-to-date: /home/eungang/ros2_ws/install/cpp_pubsub/share/cpp_pubsub/package.xml
[3.034s] Invoked command in '/home/eungang/ros2_ws/build/cpp_pubsub' returned '0': CMAKE_PREFIX_PATH=/opt/ros/humble /usr/bin/cmake --install /home/eungang/ros2_ws/build/cpp_pubsub
