[0.011s] Invoking command in '/home/eungang/ros2_ws/build/cpp_pubsub': CMAKE_PREFIX_PATH=/opt/ros/humble /usr/bin/cmake --build /home/eungang/ros2_ws/build/cpp_pubsub -- -j16 -l16
[0.054s] [35m[1mConsolidate compiler generated dependencies of target talker[0m
[0.067s] [ 50%] Built target listener
[0.071s] [ 75%] [32mBuilding CXX object CMakeFiles/talker.dir/src/publisher_member_function.cpp.o[0m
[2.979s] [100%] [32m[1mLinking CXX executable talker[0m
[3.120s] [100%] Built target talker
[3.133s] Invoked command in '/home/eungang/ros2_ws/build/cpp_pubsub' returned '0': CMAKE_PREFIX_PATH=/opt/ros/humble /usr/bin/cmake --build /home/eungang/ros2_ws/build/cpp_pubsub -- -j16 -l16
[3.171s] Invoking command in '/home/eungang/ros2_ws/build/cpp_pubsub': CMAKE_PREFIX_PATH=/opt/ros/humble /usr/bin/cmake --install /home/eungang/ros2_ws/build/cpp_pubsub
[3.175s] -- Install configuration: ""
[3.175s] -- Installing: /home/eungang/ros2_ws/install/cpp_pubsub/lib/cpp_pubsub/talker
[3.177s] -- Set runtime path of "/home/eungang/ros2_ws/install/cpp_pubsub/lib/cpp_pubsub/talker" to ""
[3.177s] -- Up-to-date: /home/eungang/ros2_ws/install/cpp_pubsub/lib/cpp_pubsub/listener
[3.177s] -- Up-to-date: /home/eungang/ros2_ws/install/cpp_pubsub/share/ament_index/resource_index/package_run_dependencies/cpp_pubsub
[3.177s] -- Up-to-date: /home/eungang/ros2_ws/install/cpp_pubsub/share/ament_index/resource_index/parent_prefix_path/cpp_pubsub
[3.177s] -- Up-to-date: /home/eungang/ros2_ws/install/cpp_pubsub/share/cpp_pubsub/environment/ament_prefix_path.sh
[3.177s] -- Up-to-date: /home/eungang/ros2_ws/install/cpp_pubsub/share/cpp_pubsub/environment/ament_prefix_path.dsv
[3.177s] -- Up-to-date: /home/eungang/ros2_ws/install/cpp_pubsub/share/cpp_pubsub/environment/path.sh
[3.177s] -- Up-to-date: /home/eungang/ros2_ws/install/cpp_pubsub/share/cpp_pubsub/environment/path.dsv
[3.177s] -- Up-to-date: /home/eungang/ros2_ws/install/cpp_pubsub/share/cpp_pubsub/local_setup.bash
[3.177s] -- Up-to-date: /home/eungang/ros2_ws/install/cpp_pubsub/share/cpp_pubsub/local_setup.sh
[3.177s] -- Up-to-date: /home/eungang/ros2_ws/install/cpp_pubsub/share/cpp_pubsub/local_setup.zsh
[3.177s] -- Up-to-date: /home/eungang/ros2_ws/install/cpp_pubsub/share/cpp_pubsub/local_setup.dsv
[3.177s] -- Installing: /home/eungang/ros2_ws/install/cpp_pubsub/share/cpp_pubsub/package.dsv
[3.177s] -- Up-to-date: /home/eungang/ros2_ws/install/cpp_pubsub/share/ament_index/resource_index/packages/cpp_pubsub
[3.177s] -- Up-to-date: /home/eungang/ros2_ws/install/cpp_pubsub/share/cpp_pubsub/cmake/cpp_pubsubConfig.cmake
[3.177s] -- Up-to-date: /home/eungang/ros2_ws/install/cpp_pubsub/share/cpp_pubsub/cmake/cpp_pubsubConfig-version.cmake
[3.178s] -- Up-to-date: /home/eungang/ros2_ws/install/cpp_pubsub/share/cpp_pubsub/package.xml
[3.179s] Invoked command in '/home/eungang/ros2_ws/build/cpp_pubsub' returned '0': CMAKE_PREFIX_PATH=/opt/ros/humble /usr/bin/cmake --install /home/eungang/ros2_ws/build/cpp_pubsub
